[0.480s] DEBUG:colcon:Command line arguments: ['/usr/bin/colcon', 'build', '--symlink-install']
[0.480s] DEBUG:colcon:Parsed command line arguments: Namespace(log_base=None, log_level=None, verb_name='build', build_base='build', install_base='install', merge_install=False, symlink_install=True, test_result_base=None, continue_on_error=False, executor='parallel', parallel_workers=4, event_handlers=None, ignore_user_meta=False, metas=['./colcon.meta'], base_paths=['.'], packages_ignore=None, packages_ignore_regex=None, paths=None, packages_up_to=None, packages_up_to_regex=None, packages_above=None, packages_above_and_dependencies=None, packages_above_depth=None, packages_select_by_dep=None, packages_skip_by_dep=None, packages_skip_up_to=None, packages_select_build_failed=False, packages_skip_build_finished=False, packages_select_test_failures=False, packages_skip_test_passed=False, packages_select=None, packages_skip=None, packages_select_regex=None, packages_skip_regex=None, packages_start=None, packages_end=None, allow_overriding=[], cmake_args=None, cmake_target=None, cmake_target_skip_unavailable=False, cmake_clean_cache=False, cmake_clean_first=False, cmake_force_configure=False, ament_cmake_args=None, catkin_cmake_args=None, catkin_skip_building_tests=False, verb_parser=<colcon_defaults.argument_parser.defaults.DefaultArgumentsDecorator object at 0x78c31de22200>, verb_extension=<colcon_core.verb.build.BuildVerb object at 0x78c31dfa3ac0>, main=<bound method BuildVerb.main of <colcon_core.verb.build.BuildVerb object at 0x78c31dfa3ac0>>)
[0.643s] Level 1:colcon.colcon_core.package_discovery:discover_packages(colcon_meta) check parameters
[0.643s] Level 1:colcon.colcon_core.package_discovery:discover_packages(recursive) check parameters
[0.643s] Level 1:colcon.colcon_core.package_discovery:discover_packages(ignore) check parameters
[0.643s] Level 1:colcon.colcon_core.package_discovery:discover_packages(path) check parameters
[0.644s] Level 1:colcon.colcon_core.package_discovery:discover_packages(colcon_meta) discover
[0.645s] Level 1:colcon.colcon_core.package_discovery:discover_packages(recursive) discover
[0.646s] INFO:colcon.colcon_core.package_discovery:Crawling recursively for packages in '/home/josue/chair_ws'
[0.648s] Level 1:colcon.colcon_core.package_identification:_identify(.) by extensions ['ignore', 'ignore_ament_install']
[0.648s] Level 1:colcon.colcon_core.package_identification:_identify(.) by extension 'ignore'
[0.649s] Level 1:colcon.colcon_core.package_identification:_identify(.) by extension 'ignore_ament_install'
[0.650s] Level 1:colcon.colcon_core.package_identification:_identify(.) by extensions ['colcon_pkg']
[0.650s] Level 1:colcon.colcon_core.package_identification:_identify(.) by extension 'colcon_pkg'
[0.650s] Level 1:colcon.colcon_core.package_identification:_identify(.) by extensions ['colcon_meta']
[0.651s] Level 1:colcon.colcon_core.package_identification:_identify(.) by extension 'colcon_meta'
[0.651s] Level 1:colcon.colcon_core.package_identification:_identify(.) by extensions ['ros']
[0.651s] Level 1:colcon.colcon_core.package_identification:_identify(.) by extension 'ros'
[0.712s] Level 1:colcon.colcon_core.package_identification:_identify(.) by extensions ['cmake', 'python']
[0.712s] Level 1:colcon.colcon_core.package_identification:_identify(.) by extension 'cmake'
[0.712s] Level 1:colcon.colcon_core.package_identification:_identify(.) by extension 'python'
[0.713s] Level 1:colcon.colcon_core.package_identification:_identify(.) by extensions ['python_setup_py']
[0.713s] Level 1:colcon.colcon_core.package_identification:_identify(.) by extension 'python_setup_py'
[0.713s] Level 1:colcon.colcon_core.package_identification:_identify(build) by extensions ['ignore', 'ignore_ament_install']
[0.713s] Level 1:colcon.colcon_core.package_identification:_identify(build) by extension 'ignore'
[0.714s] Level 1:colcon.colcon_core.package_identification:_identify(build) ignored
[0.714s] Level 1:colcon.colcon_core.package_identification:_identify(install) by extensions ['ignore', 'ignore_ament_install']
[0.715s] Level 1:colcon.colcon_core.package_identification:_identify(install) by extension 'ignore'
[0.715s] Level 1:colcon.colcon_core.package_identification:_identify(install) ignored
[0.716s] Level 1:colcon.colcon_core.package_identification:_identify(log) by extensions ['ignore', 'ignore_ament_install']
[0.716s] Level 1:colcon.colcon_core.package_identification:_identify(log) by extension 'ignore'
[0.716s] Level 1:colcon.colcon_core.package_identification:_identify(log) ignored
[0.717s] Level 1:colcon.colcon_core.package_identification:_identify(src) by extensions ['ignore', 'ignore_ament_install']
[0.717s] Level 1:colcon.colcon_core.package_identification:_identify(src) by extension 'ignore'
[0.717s] Level 1:colcon.colcon_core.package_identification:_identify(src) by extension 'ignore_ament_install'
[0.717s] Level 1:colcon.colcon_core.package_identification:_identify(src) by extensions ['colcon_pkg']
[0.717s] Level 1:colcon.colcon_core.package_identification:_identify(src) by extension 'colcon_pkg'
[0.717s] Level 1:colcon.colcon_core.package_identification:_identify(src) by extensions ['colcon_meta']
[0.717s] Level 1:colcon.colcon_core.package_identification:_identify(src) by extension 'colcon_meta'
[0.717s] Level 1:colcon.colcon_core.package_identification:_identify(src) by extensions ['ros']
[0.717s] Level 1:colcon.colcon_core.package_identification:_identify(src) by extension 'ros'
[0.718s] Level 1:colcon.colcon_core.package_identification:_identify(src) by extensions ['cmake', 'python']
[0.718s] Level 1:colcon.colcon_core.package_identification:_identify(src) by extension 'cmake'
[0.718s] Level 1:colcon.colcon_core.package_identification:_identify(src) by extension 'python'
[0.718s] Level 1:colcon.colcon_core.package_identification:_identify(src) by extensions ['python_setup_py']
[0.718s] Level 1:colcon.colcon_core.package_identification:_identify(src) by extension 'python_setup_py'
[0.718s] Level 1:colcon.colcon_core.package_identification:_identify(src/turtlebot_x) by extensions ['ignore', 'ignore_ament_install']
[0.718s] Level 1:colcon.colcon_core.package_identification:_identify(src/turtlebot_x) by extension 'ignore'
[0.718s] Level 1:colcon.colcon_core.package_identification:_identify(src/turtlebot_x) by extension 'ignore_ament_install'
[0.718s] Level 1:colcon.colcon_core.package_identification:_identify(src/turtlebot_x) by extensions ['colcon_pkg']
[0.718s] Level 1:colcon.colcon_core.package_identification:_identify(src/turtlebot_x) by extension 'colcon_pkg'
[0.718s] Level 1:colcon.colcon_core.package_identification:_identify(src/turtlebot_x) by extensions ['colcon_meta']
[0.719s] Level 1:colcon.colcon_core.package_identification:_identify(src/turtlebot_x) by extension 'colcon_meta'
[0.719s] Level 1:colcon.colcon_core.package_identification:_identify(src/turtlebot_x) by extensions ['ros']
[0.719s] Level 1:colcon.colcon_core.package_identification:_identify(src/turtlebot_x) by extension 'ros'
[0.725s] DEBUG:colcon.colcon_core.package_identification:Package 'src/turtlebot_x' with type 'ros.ament_python' and name 'turtlebot_x'
[0.726s] Level 1:colcon.colcon_core.package_discovery:discover_packages(recursive) using defaults
[0.727s] Level 1:colcon.colcon_core.package_discovery:discover_packages(ignore) discover
[0.727s] Level 1:colcon.colcon_core.package_discovery:discover_packages(ignore) using defaults
[0.728s] Level 1:colcon.colcon_core.package_discovery:discover_packages(path) discover
[0.728s] Level 1:colcon.colcon_core.package_discovery:discover_packages(path) using defaults
[0.800s] Level 1:colcon.colcon_core.package_discovery:discover_packages(prefix_path) check parameters
[0.800s] Level 1:colcon.colcon_core.package_discovery:discover_packages(prefix_path) discover
[0.808s] DEBUG:colcon.colcon_installed_package_information.package_discovery:Found 3 installed packages in /home/josue/colcon_ws/install
[0.809s] DEBUG:colcon.colcon_installed_package_information.package_discovery:Found 1 installed packages in /home/josue/chair_ros2_ws/install
[0.810s] DEBUG:colcon.colcon_installed_package_information.package_discovery:Found 1 installed packages in /home/josue/second_ros2_ws/install
[0.811s] DEBUG:colcon.colcon_installed_package_information.package_discovery:Found 6 installed packages in /home/josue/ws/install
[0.813s] DEBUG:colcon.colcon_installed_package_information.package_discovery:Found 1 installed packages in /home/josue/ros2_ws/install
[0.815s] DEBUG:colcon.colcon_installed_package_information.package_discovery:Found 1 installed packages in /home/josue/catkin_ws/install
[0.816s] DEBUG:colcon.colcon_installed_package_information.package_discovery:Found 1 installed packages in /home/josue/chair_ws/install
[0.819s] DEBUG:colcon.colcon_installed_package_information.package_discovery:Found 307 installed packages in /opt/ros/iron
[0.827s] Level 1:colcon.colcon_core.package_discovery:discover_packages(prefix_path) using defaults
[0.989s] Level 5:colcon.colcon_core.verb:set package 'turtlebot_x' build argument 'cmake_args' from command line to 'None'
[0.989s] Level 5:colcon.colcon_core.verb:set package 'turtlebot_x' build argument 'cmake_target' from command line to 'None'
[0.989s] Level 5:colcon.colcon_core.verb:set package 'turtlebot_x' build argument 'cmake_target_skip_unavailable' from command line to 'False'
[0.989s] Level 5:colcon.colcon_core.verb:set package 'turtlebot_x' build argument 'cmake_clean_cache' from command line to 'False'
[0.989s] Level 5:colcon.colcon_core.verb:set package 'turtlebot_x' build argument 'cmake_clean_first' from command line to 'False'
[0.990s] Level 5:colcon.colcon_core.verb:set package 'turtlebot_x' build argument 'cmake_force_configure' from command line to 'False'
[0.990s] Level 5:colcon.colcon_core.verb:set package 'turtlebot_x' build argument 'ament_cmake_args' from command line to 'None'
[0.990s] Level 5:colcon.colcon_core.verb:set package 'turtlebot_x' build argument 'catkin_cmake_args' from command line to 'None'
[0.990s] Level 5:colcon.colcon_core.verb:set package 'turtlebot_x' build argument 'catkin_skip_building_tests' from command line to 'False'
[0.990s] DEBUG:colcon.colcon_core.verb:Building package 'turtlebot_x' with the following arguments: {'ament_cmake_args': None, 'build_base': '/home/josue/chair_ws/build/turtlebot_x', 'catkin_cmake_args': None, 'catkin_skip_building_tests': False, 'cmake_args': None, 'cmake_clean_cache': False, 'cmake_clean_first': False, 'cmake_force_configure': False, 'cmake_target': None, 'cmake_target_skip_unavailable': False, 'install_base': '/home/josue/chair_ws/install/turtlebot_x', 'merge_install': False, 'path': '/home/josue/chair_ws/src/turtlebot_x', 'symlink_install': True, 'test_result_base': None}
[0.990s] INFO:colcon.colcon_core.executor:Executing jobs using 'parallel' executor
[0.993s] DEBUG:colcon.colcon_parallel_executor.executor.parallel:run_until_complete
[0.994s] INFO:colcon.colcon_ros.task.ament_python.build:Building ROS package in '/home/josue/chair_ws/src/turtlebot_x' with build type 'ament_python'
[0.995s] Level 1:colcon.colcon_core.shell:create_environment_hook('turtlebot_x', 'ament_prefix_path')
[1.005s] INFO:colcon.colcon_core.plugin_system:Skipping extension 'colcon_core.shell.bat': Not used on non-Windows systems
[1.006s] INFO:colcon.colcon_core.shell:Creating environment hook '/home/josue/chair_ws/install/turtlebot_x/share/turtlebot_x/hook/ament_prefix_path.ps1'
[1.008s] INFO:colcon.colcon_core.shell:Creating environment descriptor '/home/josue/chair_ws/install/turtlebot_x/share/turtlebot_x/hook/ament_prefix_path.dsv'
[1.010s] INFO:colcon.colcon_core.shell:Creating environment hook '/home/josue/chair_ws/install/turtlebot_x/share/turtlebot_x/hook/ament_prefix_path.sh'
[1.014s] INFO:colcon.colcon_core.shell:Skip shell extension 'powershell' for command environment: Not usable outside of PowerShell
[1.014s] DEBUG:colcon.colcon_core.shell:Skip shell extension 'dsv' for command environment
[1.675s] INFO:colcon.colcon_core.task.python.build:Building Python package in '/home/josue/chair_ws/src/turtlebot_x'
[1.678s] INFO:colcon.colcon_core.shell:Skip shell extension 'powershell' for command environment: Not usable outside of PowerShell
[1.678s] DEBUG:colcon.colcon_core.shell:Skip shell extension 'dsv' for command environment
[3.791s] DEBUG:colcon.colcon_core.event_handler.log_command:Invoking command in '/home/josue/chair_ws/build/turtlebot_x': PYTHONPATH=/home/josue/chair_ws/build/turtlebot_x/prefix_override:/home/josue/chair_ws/install/turtlebot_x/lib/python3.10/site-packages:${PYTHONPATH} /usr/bin/python3 -W ignore:setup.py install is deprecated setup.py develop --editable --build-directory /home/josue/chair_ws/build/turtlebot_x/build --no-deps symlink_data
[6.500s] Level 1:colcon.colcon_core.shell:create_environment_hook('turtlebot_x', 'pythonpath_develop')
[6.501s] INFO:colcon.colcon_core.shell:Creating environment hook '/home/josue/chair_ws/build/turtlebot_x/share/turtlebot_x/hook/pythonpath_develop.ps1'
[6.505s] DEBUG:colcon.colcon_core.event_handler.log_command:Invoked command in '/home/josue/chair_ws/build/turtlebot_x' returned '0': PYTHONPATH=/home/josue/chair_ws/build/turtlebot_x/prefix_override:/home/josue/chair_ws/install/turtlebot_x/lib/python3.10/site-packages:${PYTHONPATH} /usr/bin/python3 -W ignore:setup.py install is deprecated setup.py develop --editable --build-directory /home/josue/chair_ws/build/turtlebot_x/build --no-deps symlink_data
[6.508s] INFO:colcon.colcon_core.shell:Creating environment descriptor '/home/josue/chair_ws/build/turtlebot_x/share/turtlebot_x/hook/pythonpath_develop.dsv'
[6.513s] INFO:colcon.colcon_core.shell:Creating environment hook '/home/josue/chair_ws/build/turtlebot_x/share/turtlebot_x/hook/pythonpath_develop.sh'
[6.534s] Level 1:colcon.colcon_core.environment:checking '/home/josue/chair_ws/install/turtlebot_x' for CMake module files
[6.539s] Level 1:colcon.colcon_core.environment:checking '/home/josue/chair_ws/install/turtlebot_x' for CMake config files
[6.545s] Level 1:colcon.colcon_core.environment:checking '/home/josue/chair_ws/install/turtlebot_x/lib'
[6.545s] Level 1:colcon.colcon_core.environment:checking '/home/josue/chair_ws/install/turtlebot_x/bin'
[6.546s] Level 1:colcon.colcon_core.environment:checking '/home/josue/chair_ws/install/turtlebot_x/lib/pkgconfig/turtlebot_x.pc'
[6.547s] Level 1:colcon.colcon_core.environment:checking '/home/josue/chair_ws/install/turtlebot_x/lib/python3.10/site-packages'
[6.547s] Level 1:colcon.colcon_core.shell:create_environment_hook('turtlebot_x', 'pythonpath')
[6.548s] INFO:colcon.colcon_core.shell:Creating environment hook '/home/josue/chair_ws/install/turtlebot_x/share/turtlebot_x/hook/pythonpath.ps1'
[6.549s] INFO:colcon.colcon_core.shell:Creating environment descriptor '/home/josue/chair_ws/install/turtlebot_x/share/turtlebot_x/hook/pythonpath.dsv'
[6.549s] INFO:colcon.colcon_core.shell:Creating environment hook '/home/josue/chair_ws/install/turtlebot_x/share/turtlebot_x/hook/pythonpath.sh'
[6.553s] Level 1:colcon.colcon_core.environment:checking '/home/josue/chair_ws/install/turtlebot_x/bin'
[6.554s] Level 1:colcon.colcon_core.environment:create_environment_scripts_only(turtlebot_x)
[6.555s] INFO:colcon.colcon_core.shell:Creating package script '/home/josue/chair_ws/install/turtlebot_x/share/turtlebot_x/package.ps1'
[6.560s] INFO:colcon.colcon_core.shell:Creating package descriptor '/home/josue/chair_ws/install/turtlebot_x/share/turtlebot_x/package.dsv'
[6.562s] INFO:colcon.colcon_core.shell:Creating package script '/home/josue/chair_ws/install/turtlebot_x/share/turtlebot_x/package.sh'
[6.564s] INFO:colcon.colcon_core.shell:Creating package script '/home/josue/chair_ws/install/turtlebot_x/share/turtlebot_x/package.bash'
[6.566s] INFO:colcon.colcon_core.shell:Creating package script '/home/josue/chair_ws/install/turtlebot_x/share/turtlebot_x/package.zsh'
[6.571s] Level 1:colcon.colcon_core.environment:create_file_with_runtime_dependencies(/home/josue/chair_ws/install/turtlebot_x/share/colcon-core/packages/turtlebot_x)
[6.577s] DEBUG:colcon.colcon_parallel_executor.executor.parallel:closing loop
[6.577s] DEBUG:colcon.colcon_parallel_executor.executor.parallel:loop closed
[6.578s] DEBUG:colcon.colcon_parallel_executor.executor.parallel:run_until_complete finished with '0'
[6.578s] DEBUG:colcon.colcon_core.event_reactor:joining thread
[6.609s] INFO:colcon.colcon_core.plugin_system:Skipping extension 'colcon_notification.desktop_notification.terminal_notifier': Not used on non-Darwin systems
[6.609s] INFO:colcon.colcon_core.plugin_system:Skipping extension 'colcon_notification.desktop_notification.win32': Not used on non-Windows systems
[6.610s] INFO:colcon.colcon_notification.desktop_notification:Sending desktop notification using 'notify2'
[6.667s] DEBUG:colcon.colcon_core.event_reactor:joined thread
[6.670s] INFO:colcon.colcon_core.shell:Creating prefix script '/home/josue/chair_ws/install/local_setup.ps1'
[6.676s] INFO:colcon.colcon_core.shell:Creating prefix util module '/home/josue/chair_ws/install/_local_setup_util_ps1.py'
[6.680s] INFO:colcon.colcon_core.shell:Creating prefix chain script '/home/josue/chair_ws/install/setup.ps1'
[6.694s] INFO:colcon.colcon_core.shell:Creating prefix script '/home/josue/chair_ws/install/local_setup.sh'
[6.695s] INFO:colcon.colcon_core.shell:Creating prefix util module '/home/josue/chair_ws/install/_local_setup_util_sh.py'
[6.698s] INFO:colcon.colcon_core.shell:Creating prefix chain script '/home/josue/chair_ws/install/setup.sh'
[6.710s] INFO:colcon.colcon_core.shell:Creating prefix script '/home/josue/chair_ws/install/local_setup.bash'
[6.715s] INFO:colcon.colcon_core.shell:Creating prefix chain script '/home/josue/chair_ws/install/setup.bash'
[6.726s] INFO:colcon.colcon_core.shell:Creating prefix script '/home/josue/chair_ws/install/local_setup.zsh'
[6.731s] INFO:colcon.colcon_core.shell:Creating prefix chain script '/home/josue/chair_ws/install/setup.zsh'
