[1.259s] Invoking command in '/home/josue/chair_ws/build/turtlebot_x': PYTHONPATH=/home/josue/chair_ws/build/turtlebot_x/prefix_override:/usr/lib/python3/dist-packages/colcon_core/task/python/colcon_distutils_commands:/home/josue/chair_ws/install/turtlebot_x/lib/python3.10/site-packages:${PYTHONPATH} /usr/bin/python3 -W ignore:setup.py install is deprecated setup.py develop --editable --build-directory /home/josue/chair_ws/build/turtlebot_x/build --no-deps symlink_data --force
[1.750s] running develop
[1.817s] /home/josue/.local/lib/python3.10/site-packages/setuptools/command/develop.py:40: EasyInstallDeprecationWarning: easy_install command is deprecated.
[1.817s] !!
[1.817s] 
[1.818s]         ********************************************************************************
[1.818s]         Please avoid running ``setup.py`` and ``easy_install``.
[1.818s]         Instead, use pypa/build, pypa/installer or other
[1.818s]         standards-based tools.
[1.818s] 
[1.818s]         See https://github.com/pypa/setuptools/issues/917 for details.
[1.818s]         ********************************************************************************
[1.818s] 
[1.818s] !!
[1.818s]   easy_install.initialize_options(self)
[2.200s] running egg_info
[2.220s] writing turtlebot_x.egg-info/PKG-INFO
[2.221s] writing dependency_links to turtlebot_x.egg-info/dependency_links.txt
[2.221s] writing entry points to turtlebot_x.egg-info/entry_points.txt
[2.222s] writing requirements to turtlebot_x.egg-info/requires.txt
[2.222s] writing top-level names to turtlebot_x.egg-info/top_level.txt
[2.268s] reading manifest file 'turtlebot_x.egg-info/SOURCES.txt'
[2.270s] writing manifest file 'turtlebot_x.egg-info/SOURCES.txt'
[2.292s] running build_ext
[2.292s] Creating /home/josue/chair_ws/install/turtlebot_x/lib/python3.10/site-packages/turtlebot-x.egg-link (link to .)
[2.293s] Installing driving_node script to /home/josue/chair_ws/install/turtlebot_x/lib/turtlebot_x
[2.294s] Installing video_subscriber script to /home/josue/chair_ws/install/turtlebot_x/lib/turtlebot_x
[2.294s] 
[2.294s] Installed /home/josue/chair_ws/build/turtlebot_x
[2.294s] running symlink_data
[2.294s] symbolically linking /home/josue/chair_ws/build/turtlebot_x/resource/turtlebot_x -> /home/josue/chair_ws/install/turtlebot_x/share/ament_index/resource_index/packages
[2.295s] symbolically linking /home/josue/chair_ws/build/turtlebot_x/package.xml -> /home/josue/chair_ws/install/turtlebot_x/share/turtlebot_x
[2.295s] symbolically linking /home/josue/chair_ws/build/turtlebot_x/launch/localization_launch.py -> /home/josue/chair_ws/install/turtlebot_x/share/turtlebot_x/launch
[2.295s] symbolically linking /home/josue/chair_ws/build/turtlebot_x/launch/unique_multi_chairbot_simulation_launch.py -> /home/josue/chair_ws/install/turtlebot_x/share/turtlebot_x/launch
[2.295s] symbolically linking /home/josue/chair_ws/build/turtlebot_x/launch/joystick.launch.py -> /home/josue/chair_ws/install/turtlebot_x/share/turtlebot_x/launch
[2.295s] symbolically linking /home/josue/chair_ws/build/turtlebot_x/launch/gazebo.launch.py -> /home/josue/chair_ws/install/turtlebot_x/share/turtlebot_x/launch
[2.296s] symbolically linking /home/josue/chair_ws/build/turtlebot_x/launch/online_sync_launch.py -> /home/josue/chair_ws/install/turtlebot_x/share/turtlebot_x/launch
[2.296s] symbolically linking /home/josue/chair_ws/build/turtlebot_x/launch/demo.launch.py -> /home/josue/chair_ws/install/turtlebot_x/share/turtlebot_x/launch
[2.296s] symbolically linking /home/josue/chair_ws/build/turtlebot_x/launch/slam_launch.py -> /home/josue/chair_ws/install/turtlebot_x/share/turtlebot_x/launch
[2.296s] symbolically linking /home/josue/chair_ws/build/turtlebot_x/launch/rviz_launch.py -> /home/josue/chair_ws/install/turtlebot_x/share/turtlebot_x/launch
[2.296s] symbolically linking /home/josue/chair_ws/build/turtlebot_x/launch/navigation_launch.py -> /home/josue/chair_ws/install/turtlebot_x/share/turtlebot_x/launch
[2.297s] symbolically linking /home/josue/chair_ws/build/turtlebot_x/launch/cloned_multi_chairbot_simulation_launch.py -> /home/josue/chair_ws/install/turtlebot_x/share/turtlebot_x/launch
[2.297s] symbolically linking /home/josue/chair_ws/build/turtlebot_x/launch/chairbot_simulation_launch.py -> /home/josue/chair_ws/install/turtlebot_x/share/turtlebot_x/launch
[2.297s] symbolically linking /home/josue/chair_ws/build/turtlebot_x/launch/bringup_launch.py -> /home/josue/chair_ws/install/turtlebot_x/share/turtlebot_x/launch
[2.297s] symbolically linking /home/josue/chair_ws/build/turtlebot_x/urdf/chairbot.urdf -> /home/josue/chair_ws/install/turtlebot_x/share/turtlebot_x
[2.298s] symbolically linking /home/josue/chair_ws/build/turtlebot_x/urdf/chairbot.sdf -> /home/josue/chair_ws/install/turtlebot_x/share/turtlebot_x
[2.346s] Invoked command in '/home/josue/chair_ws/build/turtlebot_x' returned '0': PYTHONPATH=/home/josue/chair_ws/build/turtlebot_x/prefix_override:/usr/lib/python3/dist-packages/colcon_core/task/python/colcon_distutils_commands:/home/josue/chair_ws/install/turtlebot_x/lib/python3.10/site-packages:${PYTHONPATH} /usr/bin/python3 -W ignore:setup.py install is deprecated setup.py develop --editable --build-directory /home/josue/chair_ws/build/turtlebot_x/build --no-deps symlink_data --force
