[1.894s] DEBUG:colcon:Command line arguments: ['/usr/bin/colcon', 'build']
[1.894s] DEBUG:colcon:Parsed command line arguments: Namespace(log_base=None, log_level=None, verb_name='build', build_base='build', install_base='install', merge_install=False, symlink_install=False, test_result_base=None, continue_on_error=False, executor='parallel', parallel_workers=4, event_handlers=None, ignore_user_meta=False, metas=['./colcon.meta'], base_paths=['.'], packages_ignore=None, packages_ignore_regex=None, paths=None, packages_up_to=None, packages_up_to_regex=None, packages_above=None, packages_above_and_dependencies=None, packages_above_depth=None, packages_select_by_dep=None, packages_skip_by_dep=None, packages_skip_up_to=None, packages_select_build_failed=False, packages_skip_build_finished=False, packages_select_test_failures=False, packages_skip_test_passed=False, packages_select=None, packages_skip=None, packages_select_regex=None, packages_skip_regex=None, packages_start=None, packages_end=None, allow_overriding=[], cmake_args=None, cmake_target=None, cmake_target_skip_unavailable=False, cmake_clean_cache=False, cmake_clean_first=False, cmake_force_configure=False, ament_cmake_args=None, catkin_cmake_args=None, catkin_skip_building_tests=False, verb_parser=<colcon_defaults.argument_parser.defaults.DefaultArgumentsDecorator object at 0x73c160e3e320>, verb_extension=<colcon_core.verb.build.BuildVerb object at 0x73c160fb7940>, main=<bound method BuildVerb.main of <colcon_core.verb.build.BuildVerb object at 0x73c160fb7940>>)
[2.108s] Level 1:colcon.colcon_core.package_discovery:discover_packages(colcon_meta) check parameters
[2.108s] Level 1:colcon.colcon_core.package_discovery:discover_packages(recursive) check parameters
[2.108s] Level 1:colcon.colcon_core.package_discovery:discover_packages(ignore) check parameters
[2.108s] Level 1:colcon.colcon_core.package_discovery:discover_packages(path) check parameters
[2.108s] Level 1:colcon.colcon_core.package_discovery:discover_packages(colcon_meta) discover
[2.108s] Level 1:colcon.colcon_core.package_discovery:discover_packages(recursive) discover
[2.108s] INFO:colcon.colcon_core.package_discovery:Crawling recursively for packages in '/home/josue/chair_ws'
[2.109s] Level 1:colcon.colcon_core.package_identification:_identify(.) by extensions ['ignore', 'ignore_ament_install']
[2.109s] Level 1:colcon.colcon_core.package_identification:_identify(.) by extension 'ignore'
[2.109s] Level 1:colcon.colcon_core.package_identification:_identify(.) by extension 'ignore_ament_install'
[2.109s] Level 1:colcon.colcon_core.package_identification:_identify(.) by extensions ['colcon_pkg']
[2.109s] Level 1:colcon.colcon_core.package_identification:_identify(.) by extension 'colcon_pkg'
[2.109s] Level 1:colcon.colcon_core.package_identification:_identify(.) by extensions ['colcon_meta']
[2.109s] Level 1:colcon.colcon_core.package_identification:_identify(.) by extension 'colcon_meta'
[2.109s] Level 1:colcon.colcon_core.package_identification:_identify(.) by extensions ['ros']
[2.109s] Level 1:colcon.colcon_core.package_identification:_identify(.) by extension 'ros'
[2.177s] Level 1:colcon.colcon_core.package_identification:_identify(.) by extensions ['cmake', 'python']
[2.177s] Level 1:colcon.colcon_core.package_identification:_identify(.) by extension 'cmake'
[2.177s] Level 1:colcon.colcon_core.package_identification:_identify(.) by extension 'python'
[2.177s] Level 1:colcon.colcon_core.package_identification:_identify(.) by extensions ['python_setup_py']
[2.177s] Level 1:colcon.colcon_core.package_identification:_identify(.) by extension 'python_setup_py'
[2.177s] Level 1:colcon.colcon_core.package_identification:_identify(build) by extensions ['ignore', 'ignore_ament_install']
[2.177s] Level 1:colcon.colcon_core.package_identification:_identify(build) by extension 'ignore'
[2.178s] Level 1:colcon.colcon_core.package_identification:_identify(build) ignored
[2.178s] Level 1:colcon.colcon_core.package_identification:_identify(install) by extensions ['ignore', 'ignore_ament_install']
[2.178s] Level 1:colcon.colcon_core.package_identification:_identify(install) by extension 'ignore'
[2.178s] Level 1:colcon.colcon_core.package_identification:_identify(install) ignored
[2.178s] Level 1:colcon.colcon_core.package_identification:_identify(log) by extensions ['ignore', 'ignore_ament_install']
[2.178s] Level 1:colcon.colcon_core.package_identification:_identify(log) by extension 'ignore'
[2.178s] Level 1:colcon.colcon_core.package_identification:_identify(log) ignored
[2.178s] Level 1:colcon.colcon_core.package_identification:_identify(src) by extensions ['ignore', 'ignore_ament_install']
[2.178s] Level 1:colcon.colcon_core.package_identification:_identify(src) by extension 'ignore'
[2.178s] Level 1:colcon.colcon_core.package_identification:_identify(src) by extension 'ignore_ament_install'
[2.178s] Level 1:colcon.colcon_core.package_identification:_identify(src) by extensions ['colcon_pkg']
[2.178s] Level 1:colcon.colcon_core.package_identification:_identify(src) by extension 'colcon_pkg'
[2.179s] Level 1:colcon.colcon_core.package_identification:_identify(src) by extensions ['colcon_meta']
[2.179s] Level 1:colcon.colcon_core.package_identification:_identify(src) by extension 'colcon_meta'
[2.179s] Level 1:colcon.colcon_core.package_identification:_identify(src) by extensions ['ros']
[2.179s] Level 1:colcon.colcon_core.package_identification:_identify(src) by extension 'ros'
[2.179s] Level 1:colcon.colcon_core.package_identification:_identify(src) by extensions ['cmake', 'python']
[2.179s] Level 1:colcon.colcon_core.package_identification:_identify(src) by extension 'cmake'
[2.179s] Level 1:colcon.colcon_core.package_identification:_identify(src) by extension 'python'
[2.179s] Level 1:colcon.colcon_core.package_identification:_identify(src) by extensions ['python_setup_py']
[2.179s] Level 1:colcon.colcon_core.package_identification:_identify(src) by extension 'python_setup_py'
[2.179s] Level 1:colcon.colcon_core.package_identification:_identify(src/turtlebot_x) by extensions ['ignore', 'ignore_ament_install']
[2.179s] Level 1:colcon.colcon_core.package_identification:_identify(src/turtlebot_x) by extension 'ignore'
[2.179s] Level 1:colcon.colcon_core.package_identification:_identify(src/turtlebot_x) by extension 'ignore_ament_install'
[2.179s] Level 1:colcon.colcon_core.package_identification:_identify(src/turtlebot_x) by extensions ['colcon_pkg']
[2.179s] Level 1:colcon.colcon_core.package_identification:_identify(src/turtlebot_x) by extension 'colcon_pkg'
[2.179s] Level 1:colcon.colcon_core.package_identification:_identify(src/turtlebot_x) by extensions ['colcon_meta']
[2.180s] Level 1:colcon.colcon_core.package_identification:_identify(src/turtlebot_x) by extension 'colcon_meta'
[2.180s] Level 1:colcon.colcon_core.package_identification:_identify(src/turtlebot_x) by extensions ['ros']
[2.180s] Level 1:colcon.colcon_core.package_identification:_identify(src/turtlebot_x) by extension 'ros'
[2.195s] DEBUG:colcon.colcon_core.package_identification:Package 'src/turtlebot_x' with type 'ros.ament_python' and name 'turtlebot_x'
[2.195s] Level 1:colcon.colcon_core.package_discovery:discover_packages(recursive) using defaults
[2.195s] Level 1:colcon.colcon_core.package_discovery:discover_packages(ignore) discover
[2.195s] Level 1:colcon.colcon_core.package_discovery:discover_packages(ignore) using defaults
[2.195s] Level 1:colcon.colcon_core.package_discovery:discover_packages(path) discover
[2.195s] Level 1:colcon.colcon_core.package_discovery:discover_packages(path) using defaults
[2.362s] Level 1:colcon.colcon_core.package_discovery:discover_packages(prefix_path) check parameters
[2.362s] Level 1:colcon.colcon_core.package_discovery:discover_packages(prefix_path) discover
[2.500s] DEBUG:colcon.colcon_installed_package_information.package_discovery:Found 3 installed packages in /home/josue/colcon_ws/install
[2.515s] DEBUG:colcon.colcon_installed_package_information.package_discovery:Found 1 installed packages in /home/josue/chair_ros2_ws/install
[2.516s] DEBUG:colcon.colcon_installed_package_information.package_discovery:Found 1 installed packages in /home/josue/second_ros2_ws/install
[2.527s] DEBUG:colcon.colcon_installed_package_information.package_discovery:Found 6 installed packages in /home/josue/ws/install
[2.538s] DEBUG:colcon.colcon_installed_package_information.package_discovery:Found 2 installed packages in /home/josue/ros2_ws/install
[2.539s] DEBUG:colcon.colcon_installed_package_information.package_discovery:Found 2 installed packages in /home/josue/chair_ws/install
[2.567s] DEBUG:colcon.colcon_installed_package_information.package_discovery:Found 358 installed packages in /opt/ros/iron
[2.570s] Level 1:colcon.colcon_core.package_discovery:discover_packages(prefix_path) using defaults
[4.393s] Level 5:colcon.colcon_core.verb:set package 'turtlebot_x' build argument 'cmake_args' from command line to 'None'
[4.393s] Level 5:colcon.colcon_core.verb:set package 'turtlebot_x' build argument 'cmake_target' from command line to 'None'
[4.393s] Level 5:colcon.colcon_core.verb:set package 'turtlebot_x' build argument 'cmake_target_skip_unavailable' from command line to 'False'
[4.393s] Level 5:colcon.colcon_core.verb:set package 'turtlebot_x' build argument 'cmake_clean_cache' from command line to 'False'
[4.393s] Level 5:colcon.colcon_core.verb:set package 'turtlebot_x' build argument 'cmake_clean_first' from command line to 'False'
[4.393s] Level 5:colcon.colcon_core.verb:set package 'turtlebot_x' build argument 'cmake_force_configure' from command line to 'False'
[4.393s] Level 5:colcon.colcon_core.verb:set package 'turtlebot_x' build argument 'ament_cmake_args' from command line to 'None'
[4.393s] Level 5:colcon.colcon_core.verb:set package 'turtlebot_x' build argument 'catkin_cmake_args' from command line to 'None'
[4.393s] Level 5:colcon.colcon_core.verb:set package 'turtlebot_x' build argument 'catkin_skip_building_tests' from command line to 'False'
[4.393s] DEBUG:colcon.colcon_core.verb:Building package 'turtlebot_x' with the following arguments: {'ament_cmake_args': None, 'build_base': '/home/josue/chair_ws/build/turtlebot_x', 'catkin_cmake_args': None, 'catkin_skip_building_tests': False, 'cmake_args': None, 'cmake_clean_cache': False, 'cmake_clean_first': False, 'cmake_force_configure': False, 'cmake_target': None, 'cmake_target_skip_unavailable': False, 'install_base': '/home/josue/chair_ws/install/turtlebot_x', 'merge_install': False, 'path': '/home/josue/chair_ws/src/turtlebot_x', 'symlink_install': False, 'test_result_base': None}
[4.393s] INFO:colcon.colcon_core.executor:Executing jobs using 'parallel' executor
[4.395s] DEBUG:colcon.colcon_parallel_executor.executor.parallel:run_until_complete
[4.395s] INFO:colcon.colcon_ros.task.ament_python.build:Building ROS package in '/home/josue/chair_ws/src/turtlebot_x' with build type 'ament_python'
[4.395s] Level 1:colcon.colcon_core.shell:create_environment_hook('turtlebot_x', 'ament_prefix_path')
[4.416s] INFO:colcon.colcon_core.plugin_system:Skipping extension 'colcon_core.shell.bat': Not used on non-Windows systems
[4.417s] INFO:colcon.colcon_core.shell:Creating environment hook '/home/josue/chair_ws/install/turtlebot_x/share/turtlebot_x/hook/ament_prefix_path.ps1'
[4.418s] INFO:colcon.colcon_core.shell:Creating environment descriptor '/home/josue/chair_ws/install/turtlebot_x/share/turtlebot_x/hook/ament_prefix_path.dsv'
[4.418s] INFO:colcon.colcon_core.shell:Creating environment hook '/home/josue/chair_ws/install/turtlebot_x/share/turtlebot_x/hook/ament_prefix_path.sh'
[4.419s] INFO:colcon.colcon_core.shell:Skip shell extension 'powershell' for command environment: Not usable outside of PowerShell
[4.419s] DEBUG:colcon.colcon_core.shell:Skip shell extension 'dsv' for command environment
[4.774s] INFO:colcon.colcon_core.task.python.build:Building Python package in '/home/josue/chair_ws/src/turtlebot_x'
[4.774s] INFO:colcon.colcon_core.shell:Skip shell extension 'powershell' for command environment: Not usable outside of PowerShell
[4.774s] DEBUG:colcon.colcon_core.shell:Skip shell extension 'dsv' for command environment
[5.720s] DEBUG:colcon.colcon_core.event_handler.log_command:Invoking command in '/home/josue/chair_ws/src/turtlebot_x': PYTHONPATH=/home/josue/chair_ws/build/turtlebot_x/prefix_override:/usr/lib/python3/dist-packages/colcon_core/task/python/colcon_distutils_commands:/home/josue/chair_ws/install/turtlebot_x/lib/python3.10/site-packages:${PYTHONPATH} /usr/bin/python3 -W ignore:setup.py install is deprecated setup.py egg_info --egg-base ../../build/turtlebot_x build --build-base /home/josue/chair_ws/build/turtlebot_x/build install --record /home/josue/chair_ws/build/turtlebot_x/install.log --single-version-externally-managed install_data
[6.731s] DEBUG:colcon.colcon_core.event_handler.log_command:Invoked command in '/home/josue/chair_ws/src/turtlebot_x' returned '0': PYTHONPATH=/home/josue/chair_ws/build/turtlebot_x/prefix_override:/usr/lib/python3/dist-packages/colcon_core/task/python/colcon_distutils_commands:/home/josue/chair_ws/install/turtlebot_x/lib/python3.10/site-packages:${PYTHONPATH} /usr/bin/python3 -W ignore:setup.py install is deprecated setup.py egg_info --egg-base ../../build/turtlebot_x build --build-base /home/josue/chair_ws/build/turtlebot_x/build install --record /home/josue/chair_ws/build/turtlebot_x/install.log --single-version-externally-managed install_data
[6.780s] Level 1:colcon.colcon_core.environment:checking '/home/josue/chair_ws/install/turtlebot_x' for CMake module files
[6.781s] Level 1:colcon.colcon_core.environment:checking '/home/josue/chair_ws/install/turtlebot_x' for CMake config files
[6.825s] Level 1:colcon.colcon_core.environment:checking '/home/josue/chair_ws/install/turtlebot_x/lib'
[6.826s] Level 1:colcon.colcon_core.environment:checking '/home/josue/chair_ws/install/turtlebot_x/bin'
[6.826s] Level 1:colcon.colcon_core.environment:checking '/home/josue/chair_ws/install/turtlebot_x/lib/pkgconfig/turtlebot_x.pc'
[6.826s] Level 1:colcon.colcon_core.environment:checking '/home/josue/chair_ws/install/turtlebot_x/lib/python3.10/site-packages'
[6.826s] Level 1:colcon.colcon_core.shell:create_environment_hook('turtlebot_x', 'pythonpath')
[6.827s] INFO:colcon.colcon_core.shell:Creating environment hook '/home/josue/chair_ws/install/turtlebot_x/share/turtlebot_x/hook/pythonpath.ps1'
[6.827s] INFO:colcon.colcon_core.shell:Creating environment descriptor '/home/josue/chair_ws/install/turtlebot_x/share/turtlebot_x/hook/pythonpath.dsv'
[6.828s] INFO:colcon.colcon_core.shell:Creating environment hook '/home/josue/chair_ws/install/turtlebot_x/share/turtlebot_x/hook/pythonpath.sh'
[6.828s] Level 1:colcon.colcon_core.environment:checking '/home/josue/chair_ws/install/turtlebot_x/bin'
[6.828s] Level 1:colcon.colcon_core.environment:create_environment_scripts_only(turtlebot_x)
[6.829s] INFO:colcon.colcon_core.shell:Creating package script '/home/josue/chair_ws/install/turtlebot_x/share/turtlebot_x/package.ps1'
[6.841s] INFO:colcon.colcon_core.shell:Creating package descriptor '/home/josue/chair_ws/install/turtlebot_x/share/turtlebot_x/package.dsv'
[6.856s] INFO:colcon.colcon_core.shell:Creating package script '/home/josue/chair_ws/install/turtlebot_x/share/turtlebot_x/package.sh'
[6.857s] INFO:colcon.colcon_core.shell:Creating package script '/home/josue/chair_ws/install/turtlebot_x/share/turtlebot_x/package.bash'
[6.873s] INFO:colcon.colcon_core.shell:Creating package script '/home/josue/chair_ws/install/turtlebot_x/share/turtlebot_x/package.zsh'
[6.885s] Level 1:colcon.colcon_core.environment:create_file_with_runtime_dependencies(/home/josue/chair_ws/install/turtlebot_x/share/colcon-core/packages/turtlebot_x)
[6.885s] DEBUG:colcon.colcon_parallel_executor.executor.parallel:closing loop
[6.886s] DEBUG:colcon.colcon_parallel_executor.executor.parallel:loop closed
[6.886s] DEBUG:colcon.colcon_parallel_executor.executor.parallel:run_until_complete finished with '0'
[6.886s] DEBUG:colcon.colcon_core.event_reactor:joining thread
[6.916s] INFO:colcon.colcon_core.plugin_system:Skipping extension 'colcon_notification.desktop_notification.terminal_notifier': Not used on non-Darwin systems
[6.916s] INFO:colcon.colcon_core.plugin_system:Skipping extension 'colcon_notification.desktop_notification.win32': Not used on non-Windows systems
[6.916s] INFO:colcon.colcon_notification.desktop_notification:Sending desktop notification using 'notify2'
[6.932s] DEBUG:colcon.colcon_core.event_reactor:joined thread
[6.932s] INFO:colcon.colcon_core.shell:Creating prefix script '/home/josue/chair_ws/install/local_setup.ps1'
[6.943s] INFO:colcon.colcon_core.shell:Creating prefix util module '/home/josue/chair_ws/install/_local_setup_util_ps1.py'
[6.945s] INFO:colcon.colcon_core.shell:Creating prefix chain script '/home/josue/chair_ws/install/setup.ps1'
[6.948s] INFO:colcon.colcon_core.shell:Creating prefix script '/home/josue/chair_ws/install/local_setup.sh'
[6.954s] INFO:colcon.colcon_core.shell:Creating prefix util module '/home/josue/chair_ws/install/_local_setup_util_sh.py'
[6.955s] INFO:colcon.colcon_core.shell:Creating prefix chain script '/home/josue/chair_ws/install/setup.sh'
[6.958s] INFO:colcon.colcon_core.shell:Creating prefix script '/home/josue/chair_ws/install/local_setup.bash'
[6.959s] INFO:colcon.colcon_core.shell:Creating prefix chain script '/home/josue/chair_ws/install/setup.bash'
[6.962s] INFO:colcon.colcon_core.shell:Creating prefix script '/home/josue/chair_ws/install/local_setup.zsh'
[6.963s] INFO:colcon.colcon_core.shell:Creating prefix chain script '/home/josue/chair_ws/install/setup.zsh'
