[0.913s] Invoking command in '/home/josue/chair_ws/build/turtlebot_x': PYTHONPATH=/home/josue/chair_ws/build/turtlebot_x/prefix_override:/home/josue/chair_ws/install/turtlebot_x/lib/python3.10/site-packages:${PYTHONPATH} /usr/bin/python3 -W ignore:setup.py install is deprecated setup.py develop --editable --build-directory /home/josue/chair_ws/build/turtlebot_x/build --no-deps symlink_data --force
[1.298s] running develop
[1.298s] /home/josue/.local/lib/python3.10/site-packages/setuptools/command/develop.py:40: EasyInstallDeprecationWarning: easy_install command is deprecated.
[1.299s] !!
[1.299s] 
[1.299s]         ********************************************************************************
[1.299s]         Please avoid running ``setup.py`` and ``easy_install``.
[1.299s]         Instead, use pypa/build, pypa/installer or other
[1.299s]         standards-based tools.
[1.299s] 
[1.300s]         See https://github.com/pypa/setuptools/issues/917 for details.
[1.300s]         ********************************************************************************
[1.300s] 
[1.300s] !!
[1.300s]   easy_install.initialize_options(self)
[1.556s] running egg_info
[1.574s] writing turtlebot_x.egg-info/PKG-INFO
[1.575s] writing dependency_links to turtlebot_x.egg-info/dependency_links.txt
[1.576s] writing entry points to turtlebot_x.egg-info/entry_points.txt
[1.576s] writing requirements to turtlebot_x.egg-info/requires.txt
[1.576s] writing top-level names to turtlebot_x.egg-info/top_level.txt
[1.614s] reading manifest file 'turtlebot_x.egg-info/SOURCES.txt'
[1.615s] writing manifest file 'turtlebot_x.egg-info/SOURCES.txt'
[1.635s] running build_ext
[1.635s] Creating /home/josue/chair_ws/install/turtlebot_x/lib/python3.10/site-packages/turtlebot-x.egg-link (link to .)
[1.636s] Installing driving_node script to /home/josue/chair_ws/install/turtlebot_x/lib/turtlebot_x
[1.636s] Installing video_subscriber script to /home/josue/chair_ws/install/turtlebot_x/lib/turtlebot_x
[1.637s] 
[1.637s] Installed /home/josue/chair_ws/build/turtlebot_x
[1.637s] running symlink_data
[1.637s] symbolically linking /home/josue/chair_ws/build/turtlebot_x/resource/turtlebot_x -> /home/josue/chair_ws/install/turtlebot_x/share/ament_index/resource_index/packages
[1.637s] symbolically linking /home/josue/chair_ws/build/turtlebot_x/package.xml -> /home/josue/chair_ws/install/turtlebot_x/share/turtlebot_x
[1.638s] symbolically linking /home/josue/chair_ws/build/turtlebot_x/launch/gazebo.launch.py -> /home/josue/chair_ws/install/turtlebot_x/share/turtlebot_x/launch
[1.638s] symbolically linking /home/josue/chair_ws/build/turtlebot_x/launch/demo.launch.py -> /home/josue/chair_ws/install/turtlebot_x/share/turtlebot_x/launch
[1.638s] symbolically linking /home/josue/chair_ws/build/turtlebot_x/urdf/chairbot.urdf -> /home/josue/chair_ws/install/turtlebot_x/share/turtlebot_x
[1.638s] symbolically linking /home/josue/chair_ws/build/turtlebot_x/urdf/chairbot.sdf -> /home/josue/chair_ws/install/turtlebot_x/share/turtlebot_x
[1.677s] Invoked command in '/home/josue/chair_ws/build/turtlebot_x' returned '0': PYTHONPATH=/home/josue/chair_ws/build/turtlebot_x/prefix_override:/home/josue/chair_ws/install/turtlebot_x/lib/python3.10/site-packages:${PYTHONPATH} /usr/bin/python3 -W ignore:setup.py install is deprecated setup.py develop --editable --build-directory /home/josue/chair_ws/build/turtlebot_x/build --no-deps symlink_data --force
