[0.881s] Invoking command in '/home/josue/chair_ws/build/turtlebot_x': PYTHONPATH=/home/josue/chair_ws/build/turtlebot_x/prefix_override:/home/josue/chair_ws/install/turtlebot_x/lib/python3.10/site-packages:${PYTHONPATH} /usr/bin/python3 -W ignore:setup.py install is deprecated setup.py develop --editable --build-directory /home/josue/chair_ws/build/turtlebot_x/build --no-deps symlink_data
[1.264s] running develop
[1.264s] /home/josue/.local/lib/python3.10/site-packages/setuptools/command/develop.py:40: EasyInstallDeprecationWarning: easy_install command is deprecated.
[1.264s] !!
[1.264s] 
[1.264s]         ********************************************************************************
[1.264s]         Please avoid running ``setup.py`` and ``easy_install``.
[1.264s]         Instead, use pypa/build, pypa/installer or other
[1.264s]         standards-based tools.
[1.265s] 
[1.265s]         See https://github.com/pypa/setuptools/issues/917 for details.
[1.265s]         ********************************************************************************
[1.265s] 
[1.265s] !!
[1.265s]   easy_install.initialize_options(self)
[1.522s] running egg_info
[1.540s] writing turtlebot_x.egg-info/PKG-INFO
[1.541s] writing dependency_links to turtlebot_x.egg-info/dependency_links.txt
[1.541s] writing entry points to turtlebot_x.egg-info/entry_points.txt
[1.541s] writing requirements to turtlebot_x.egg-info/requires.txt
[1.541s] writing top-level names to turtlebot_x.egg-info/top_level.txt
[1.580s] reading manifest file 'turtlebot_x.egg-info/SOURCES.txt'
[1.580s] writing manifest file 'turtlebot_x.egg-info/SOURCES.txt'
[1.600s] running build_ext
[1.600s] Creating /home/josue/chair_ws/install/turtlebot_x/lib/python3.10/site-packages/turtlebot-x.egg-link (link to .)
[1.601s] Installing driving_node script to /home/josue/chair_ws/install/turtlebot_x/lib/turtlebot_x
[1.601s] Installing video_subscriber script to /home/josue/chair_ws/install/turtlebot_x/lib/turtlebot_x
[1.602s] 
[1.602s] Installed /home/josue/chair_ws/build/turtlebot_x
[1.602s] running symlink_data
[1.644s] Invoked command in '/home/josue/chair_ws/build/turtlebot_x' returned '0': PYTHONPATH=/home/josue/chair_ws/build/turtlebot_x/prefix_override:/home/josue/chair_ws/install/turtlebot_x/lib/python3.10/site-packages:${PYTHONPATH} /usr/bin/python3 -W ignore:setup.py install is deprecated setup.py develop --editable --build-directory /home/josue/chair_ws/build/turtlebot_x/build --no-deps symlink_data
