[0.912s] Invoking command in '/home/josue/chair_ws/src/turtlebot_x': PYTHONPATH=/home/josue/chair_ws/build/turtlebot_x/prefix_override:/home/josue/chair_ws/install/turtlebot_x/lib/python3.10/site-packages:${PYTHONPATH} /usr/bin/python3 -W ignore:setup.py install is deprecated setup.py egg_info --egg-base ../../build/turtlebot_x build --build-base /home/josue/chair_ws/build/turtlebot_x/build install --record /home/josue/chair_ws/build/turtlebot_x/install.log --single-version-externally-managed install_data
[1.203s] running egg_info
[1.222s] writing ../../build/turtlebot_x/turtlebot_x.egg-info/PKG-INFO
[1.222s] writing dependency_links to ../../build/turtlebot_x/turtlebot_x.egg-info/dependency_links.txt
[1.223s] writing entry points to ../../build/turtlebot_x/turtlebot_x.egg-info/entry_points.txt
[1.223s] writing requirements to ../../build/turtlebot_x/turtlebot_x.egg-info/requires.txt
[1.223s] writing top-level names to ../../build/turtlebot_x/turtlebot_x.egg-info/top_level.txt
[1.264s] reading manifest file '../../build/turtlebot_x/turtlebot_x.egg-info/SOURCES.txt'
[1.265s] writing manifest file '../../build/turtlebot_x/turtlebot_x.egg-info/SOURCES.txt'
[1.265s] running build
[1.265s] running build_py
[1.265s] copying turtlebot_x/video_recorder_node.py -> /home/josue/chair_ws/build/turtlebot_x/build/lib/turtlebot_x
[1.265s] copying turtlebot_x/driving_node.py -> /home/josue/chair_ws/build/turtlebot_x/build/lib/turtlebot_x
[1.266s] copying turtlebot_x/__init__.py -> /home/josue/chair_ws/build/turtlebot_x/build/lib/turtlebot_x
[1.266s] running install
[1.272s] running install_lib
[1.293s] running install_data
[1.293s] copying resource/turtlebot_x -> /home/josue/chair_ws/install/turtlebot_x/share/ament_index/resource_index/packages
[1.293s] copying package.xml -> /home/josue/chair_ws/install/turtlebot_x/share/turtlebot_x
[1.293s] copying launch/joystick.launch.py -> /home/josue/chair_ws/install/turtlebot_x/share/turtlebot_x/launch
[1.293s] copying launch/gazebo.launch.py -> /home/josue/chair_ws/install/turtlebot_x/share/turtlebot_x/launch
[1.293s] copying launch/demo.launch.py -> /home/josue/chair_ws/install/turtlebot_x/share/turtlebot_x/launch
[1.294s] copying urdf/chairbot.urdf -> /home/josue/chair_ws/install/turtlebot_x/share/turtlebot_x
[1.294s] copying urdf/chairbot.sdf -> /home/josue/chair_ws/install/turtlebot_x/share/turtlebot_x
[1.294s] running install_egg_info
[1.315s] removing '/home/josue/chair_ws/install/turtlebot_x/lib/python3.10/site-packages/turtlebot_x-0.0.0-py3.10.egg-info' (and everything under it)
[1.315s] Copying ../../build/turtlebot_x/turtlebot_x.egg-info to /home/josue/chair_ws/install/turtlebot_x/lib/python3.10/site-packages/turtlebot_x-0.0.0-py3.10.egg-info
[1.317s] running install_scripts
[1.503s] Installing driving_node script to /home/josue/chair_ws/install/turtlebot_x/lib/turtlebot_x
[1.503s] Installing video_subscriber script to /home/josue/chair_ws/install/turtlebot_x/lib/turtlebot_x
[1.503s] writing list of installed files to '/home/josue/chair_ws/build/turtlebot_x/install.log'
[1.536s] Invoked command in '/home/josue/chair_ws/src/turtlebot_x' returned '0': PYTHONPATH=/home/josue/chair_ws/build/turtlebot_x/prefix_override:/home/josue/chair_ws/install/turtlebot_x/lib/python3.10/site-packages:${PYTHONPATH} /usr/bin/python3 -W ignore:setup.py install is deprecated setup.py egg_info --egg-base ../../build/turtlebot_x build --build-base /home/josue/chair_ws/build/turtlebot_x/build install --record /home/josue/chair_ws/build/turtlebot_x/install.log --single-version-externally-managed install_data
