[1.785s] Invoking command in '/home/josue/chair_ws/build/turtlebot_x': PYTHONPATH=/home/josue/chair_ws/build/turtlebot_x/prefix_override:/usr/lib/python3/dist-packages/colcon_core/task/python/colcon_distutils_commands:/home/josue/chair_ws/install/turtlebot_x/lib/python3.10/site-packages:${PYTHONPATH} /usr/bin/python3 -W ignore:setup.py install is deprecated setup.py develop --uninstall --editable --build-directory /home/josue/chair_ws/build/turtlebot_x/build
[2.661s] running develop
[2.662s] /home/josue/.local/lib/python3.10/site-packages/setuptools/command/develop.py:40: EasyInstallDeprecationWarning: easy_install command is deprecated.
[2.663s] !!
[2.663s] 
[2.663s]         ********************************************************************************
[2.663s]         Please avoid running ``setup.py`` and ``easy_install``.
[2.663s]         Instead, use pypa/build, pypa/installer or other
[2.663s]         standards-based tools.
[2.663s] 
[2.663s]         See https://github.com/pypa/setuptools/issues/917 for details.
[2.664s]         ********************************************************************************
[2.664s] 
[2.664s] !!
[2.664s]   easy_install.initialize_options(self)
[3.341s] Removing /home/josue/chair_ws/install/turtlebot_x/lib/python3.10/site-packages/turtlebot-x.egg-link (link to .)
[3.451s] Invoked command in '/home/josue/chair_ws/build/turtlebot_x' returned '0': PYTHONPATH=/home/josue/chair_ws/build/turtlebot_x/prefix_override:/usr/lib/python3/dist-packages/colcon_core/task/python/colcon_distutils_commands:/home/josue/chair_ws/install/turtlebot_x/lib/python3.10/site-packages:${PYTHONPATH} /usr/bin/python3 -W ignore:setup.py install is deprecated setup.py develop --uninstall --editable --build-directory /home/josue/chair_ws/build/turtlebot_x/build
[3.453s] Invoking command in '/home/josue/chair_ws/src/turtlebot_x': PYTHONPATH=/home/josue/chair_ws/build/turtlebot_x/prefix_override:/usr/lib/python3/dist-packages/colcon_core/task/python/colcon_distutils_commands:/home/josue/chair_ws/install/turtlebot_x/lib/python3.10/site-packages:${PYTHONPATH} /usr/bin/python3 -W ignore:setup.py install is deprecated setup.py egg_info --egg-base ../../build/turtlebot_x build --build-base /home/josue/chair_ws/build/turtlebot_x/build install --record /home/josue/chair_ws/build/turtlebot_x/install.log --single-version-externally-managed install_data --force
[4.215s] running egg_info
[4.259s] writing ../../build/turtlebot_x/turtlebot_x.egg-info/PKG-INFO
[4.260s] writing dependency_links to ../../build/turtlebot_x/turtlebot_x.egg-info/dependency_links.txt
[4.260s] writing entry points to ../../build/turtlebot_x/turtlebot_x.egg-info/entry_points.txt
[4.261s] writing requirements to ../../build/turtlebot_x/turtlebot_x.egg-info/requires.txt
[4.261s] writing top-level names to ../../build/turtlebot_x/turtlebot_x.egg-info/top_level.txt
[4.355s] reading manifest file '../../build/turtlebot_x/turtlebot_x.egg-info/SOURCES.txt'
[4.358s] writing manifest file '../../build/turtlebot_x/turtlebot_x.egg-info/SOURCES.txt'
[4.358s] running build
[4.359s] running build_py
[4.359s] copying turtlebot_x/video_recorder_node.py -> /home/josue/chair_ws/build/turtlebot_x/build/lib/turtlebot_x
[4.359s] copying turtlebot_x/driving_node.py -> /home/josue/chair_ws/build/turtlebot_x/build/lib/turtlebot_x
[4.359s] copying turtlebot_x/__init__.py -> /home/josue/chair_ws/build/turtlebot_x/build/lib/turtlebot_x
[4.360s] running install
[4.378s] running install_lib
[4.422s] creating /home/josue/chair_ws/install/turtlebot_x/lib/python3.10/site-packages/turtlebot_x
[4.422s] copying /home/josue/chair_ws/build/turtlebot_x/build/lib/turtlebot_x/video_recorder_node.py -> /home/josue/chair_ws/install/turtlebot_x/lib/python3.10/site-packages/turtlebot_x
[4.423s] copying /home/josue/chair_ws/build/turtlebot_x/build/lib/turtlebot_x/driving_node.py -> /home/josue/chair_ws/install/turtlebot_x/lib/python3.10/site-packages/turtlebot_x
[4.423s] copying /home/josue/chair_ws/build/turtlebot_x/build/lib/turtlebot_x/__init__.py -> /home/josue/chair_ws/install/turtlebot_x/lib/python3.10/site-packages/turtlebot_x
[4.426s] byte-compiling /home/josue/chair_ws/install/turtlebot_x/lib/python3.10/site-packages/turtlebot_x/video_recorder_node.py to video_recorder_node.cpython-310.pyc
[4.428s] byte-compiling /home/josue/chair_ws/install/turtlebot_x/lib/python3.10/site-packages/turtlebot_x/driving_node.py to driving_node.cpython-310.pyc
[4.429s] byte-compiling /home/josue/chair_ws/install/turtlebot_x/lib/python3.10/site-packages/turtlebot_x/__init__.py to __init__.cpython-310.pyc
[4.429s] running install_data
[4.431s] copying resource/turtlebot_x -> /home/josue/chair_ws/install/turtlebot_x/share/ament_index/resource_index/packages
[4.434s] copying package.xml -> /home/josue/chair_ws/install/turtlebot_x/share/turtlebot_x
[4.434s] copying launch/localization_launch.py -> /home/josue/chair_ws/install/turtlebot_x/share/turtlebot_x/launch
[4.434s] copying launch/unique_multi_chairbot_simulation_launch.py -> /home/josue/chair_ws/install/turtlebot_x/share/turtlebot_x/launch
[4.434s] copying launch/joystick.launch.py -> /home/josue/chair_ws/install/turtlebot_x/share/turtlebot_x/launch
[4.435s] copying launch/gazebo.launch.py -> /home/josue/chair_ws/install/turtlebot_x/share/turtlebot_x/launch
[4.435s] copying launch/online_sync_launch.py -> /home/josue/chair_ws/install/turtlebot_x/share/turtlebot_x/launch
[4.435s] copying launch/demo.launch.py -> /home/josue/chair_ws/install/turtlebot_x/share/turtlebot_x/launch
[4.435s] copying launch/slam_launch.py -> /home/josue/chair_ws/install/turtlebot_x/share/turtlebot_x/launch
[4.435s] copying launch/rviz_launch.py -> /home/josue/chair_ws/install/turtlebot_x/share/turtlebot_x/launch
[4.436s] copying launch/navigation_launch.py -> /home/josue/chair_ws/install/turtlebot_x/share/turtlebot_x/launch
[4.436s] copying launch/cloned_multi_chairbot_simulation_launch.py -> /home/josue/chair_ws/install/turtlebot_x/share/turtlebot_x/launch
[4.436s] copying launch/chairbot_simulation_launch.py -> /home/josue/chair_ws/install/turtlebot_x/share/turtlebot_x/launch
[4.436s] copying launch/bringup_launch.py -> /home/josue/chair_ws/install/turtlebot_x/share/turtlebot_x/launch
[4.436s] copying urdf/chairbot.urdf -> /home/josue/chair_ws/install/turtlebot_x/share/turtlebot_x
[4.436s] copying urdf/chairbot.sdf -> /home/josue/chair_ws/install/turtlebot_x/share/turtlebot_x
[4.436s] running install_egg_info
[4.485s] Copying ../../build/turtlebot_x/turtlebot_x.egg-info to /home/josue/chair_ws/install/turtlebot_x/lib/python3.10/site-packages/turtlebot_x-0.0.0-py3.10.egg-info
[4.488s] running install_scripts
[4.913s] Installing driving_node script to /home/josue/chair_ws/install/turtlebot_x/lib/turtlebot_x
[4.913s] Installing video_subscriber script to /home/josue/chair_ws/install/turtlebot_x/lib/turtlebot_x
[4.914s] writing list of installed files to '/home/josue/chair_ws/build/turtlebot_x/install.log'
[5.001s] Invoked command in '/home/josue/chair_ws/src/turtlebot_x' returned '0': PYTHONPATH=/home/josue/chair_ws/build/turtlebot_x/prefix_override:/usr/lib/python3/dist-packages/colcon_core/task/python/colcon_distutils_commands:/home/josue/chair_ws/install/turtlebot_x/lib/python3.10/site-packages:${PYTHONPATH} /usr/bin/python3 -W ignore:setup.py install is deprecated setup.py egg_info --egg-base ../../build/turtlebot_x build --build-base /home/josue/chair_ws/build/turtlebot_x/build install --record /home/josue/chair_ws/build/turtlebot_x/install.log --single-version-externally-managed install_data --force
