[0.129s] DEBUG:colcon:Command line arguments: ['/usr/bin/colcon', 'build', '--symlink-install']
[0.129s] DEBUG:colcon:Parsed command line arguments: Namespace(log_base=None, log_level=None, verb_name='build', build_base='build', install_base='install', merge_install=False, symlink_install=True, test_result_base=None, continue_on_error=False, executor='parallel', parallel_workers=4, event_handlers=None, ignore_user_meta=False, metas=['./colcon.meta'], base_paths=['.'], packages_ignore=None, packages_ignore_regex=None, paths=None, packages_up_to=None, packages_up_to_regex=None, packages_above=None, packages_above_and_dependencies=None, packages_above_depth=None, packages_select_by_dep=None, packages_skip_by_dep=None, packages_skip_up_to=None, packages_select_build_failed=False, packages_skip_build_finished=False, packages_select_test_failures=False, packages_skip_test_passed=False, packages_select=None, packages_skip=None, packages_select_regex=None, packages_skip_regex=None, packages_start=None, packages_end=None, allow_overriding=[], cmake_args=None, cmake_target=None, cmake_target_skip_unavailable=False, cmake_clean_cache=False, cmake_clean_first=False, cmake_force_configure=False, ament_cmake_args=None, catkin_cmake_args=None, catkin_skip_building_tests=False, verb_parser=<colcon_defaults.argument_parser.defaults.DefaultArgumentsDecorator object at 0x73f219e32260>, verb_extension=<colcon_core.verb.build.BuildVerb object at 0x73f219fabb20>, main=<bound method BuildVerb.main of <colcon_core.verb.build.BuildVerb object at 0x73f219fabb20>>)
[0.188s] Level 1:colcon.colcon_core.package_discovery:discover_packages(colcon_meta) check parameters
[0.188s] Level 1:colcon.colcon_core.package_discovery:discover_packages(recursive) check parameters
[0.189s] Level 1:colcon.colcon_core.package_discovery:discover_packages(ignore) check parameters
[0.189s] Level 1:colcon.colcon_core.package_discovery:discover_packages(path) check parameters
[0.189s] Level 1:colcon.colcon_core.package_discovery:discover_packages(colcon_meta) discover
[0.189s] Level 1:colcon.colcon_core.package_discovery:discover_packages(recursive) discover
[0.189s] INFO:colcon.colcon_core.package_discovery:Crawling recursively for packages in '/home/josue/chair_ws'
[0.189s] Level 1:colcon.colcon_core.package_identification:_identify(.) by extensions ['ignore', 'ignore_ament_install']
[0.189s] Level 1:colcon.colcon_core.package_identification:_identify(.) by extension 'ignore'
[0.189s] Level 1:colcon.colcon_core.package_identification:_identify(.) by extension 'ignore_ament_install'
[0.189s] Level 1:colcon.colcon_core.package_identification:_identify(.) by extensions ['colcon_pkg']
[0.189s] Level 1:colcon.colcon_core.package_identification:_identify(.) by extension 'colcon_pkg'
[0.189s] Level 1:colcon.colcon_core.package_identification:_identify(.) by extensions ['colcon_meta']
[0.189s] Level 1:colcon.colcon_core.package_identification:_identify(.) by extension 'colcon_meta'
[0.189s] Level 1:colcon.colcon_core.package_identification:_identify(.) by extensions ['ros']
[0.190s] Level 1:colcon.colcon_core.package_identification:_identify(.) by extension 'ros'
[0.207s] Level 1:colcon.colcon_core.package_identification:_identify(.) by extensions ['cmake', 'python']
[0.207s] Level 1:colcon.colcon_core.package_identification:_identify(.) by extension 'cmake'
[0.207s] Level 1:colcon.colcon_core.package_identification:_identify(.) by extension 'python'
[0.207s] Level 1:colcon.colcon_core.package_identification:_identify(.) by extensions ['python_setup_py']
[0.208s] Level 1:colcon.colcon_core.package_identification:_identify(.) by extension 'python_setup_py'
[0.208s] Level 1:colcon.colcon_core.package_identification:_identify(build) by extensions ['ignore', 'ignore_ament_install']
[0.208s] Level 1:colcon.colcon_core.package_identification:_identify(build) by extension 'ignore'
[0.208s] Level 1:colcon.colcon_core.package_identification:_identify(build) ignored
[0.208s] Level 1:colcon.colcon_core.package_identification:_identify(install) by extensions ['ignore', 'ignore_ament_install']
[0.208s] Level 1:colcon.colcon_core.package_identification:_identify(install) by extension 'ignore'
[0.208s] Level 1:colcon.colcon_core.package_identification:_identify(install) ignored
[0.208s] Level 1:colcon.colcon_core.package_identification:_identify(log) by extensions ['ignore', 'ignore_ament_install']
[0.208s] Level 1:colcon.colcon_core.package_identification:_identify(log) by extension 'ignore'
[0.208s] Level 1:colcon.colcon_core.package_identification:_identify(log) ignored
[0.209s] Level 1:colcon.colcon_core.package_identification:_identify(src) by extensions ['ignore', 'ignore_ament_install']
[0.209s] Level 1:colcon.colcon_core.package_identification:_identify(src) by extension 'ignore'
[0.209s] Level 1:colcon.colcon_core.package_identification:_identify(src) by extension 'ignore_ament_install'
[0.209s] Level 1:colcon.colcon_core.package_identification:_identify(src) by extensions ['colcon_pkg']
[0.209s] Level 1:colcon.colcon_core.package_identification:_identify(src) by extension 'colcon_pkg'
[0.209s] Level 1:colcon.colcon_core.package_identification:_identify(src) by extensions ['colcon_meta']
[0.209s] Level 1:colcon.colcon_core.package_identification:_identify(src) by extension 'colcon_meta'
[0.209s] Level 1:colcon.colcon_core.package_identification:_identify(src) by extensions ['ros']
[0.209s] Level 1:colcon.colcon_core.package_identification:_identify(src) by extension 'ros'
[0.209s] Level 1:colcon.colcon_core.package_identification:_identify(src) by extensions ['cmake', 'python']
[0.209s] Level 1:colcon.colcon_core.package_identification:_identify(src) by extension 'cmake'
[0.209s] Level 1:colcon.colcon_core.package_identification:_identify(src) by extension 'python'
[0.209s] Level 1:colcon.colcon_core.package_identification:_identify(src) by extensions ['python_setup_py']
[0.209s] Level 1:colcon.colcon_core.package_identification:_identify(src) by extension 'python_setup_py'
[0.209s] Level 1:colcon.colcon_core.package_identification:_identify(src/turtlebot_x) by extensions ['ignore', 'ignore_ament_install']
[0.209s] Level 1:colcon.colcon_core.package_identification:_identify(src/turtlebot_x) by extension 'ignore'
[0.209s] Level 1:colcon.colcon_core.package_identification:_identify(src/turtlebot_x) by extension 'ignore_ament_install'
[0.210s] Level 1:colcon.colcon_core.package_identification:_identify(src/turtlebot_x) by extensions ['colcon_pkg']
[0.210s] Level 1:colcon.colcon_core.package_identification:_identify(src/turtlebot_x) by extension 'colcon_pkg'
[0.210s] Level 1:colcon.colcon_core.package_identification:_identify(src/turtlebot_x) by extensions ['colcon_meta']
[0.210s] Level 1:colcon.colcon_core.package_identification:_identify(src/turtlebot_x) by extension 'colcon_meta'
[0.210s] Level 1:colcon.colcon_core.package_identification:_identify(src/turtlebot_x) by extensions ['ros']
[0.210s] Level 1:colcon.colcon_core.package_identification:_identify(src/turtlebot_x) by extension 'ros'
[0.213s] DEBUG:colcon.colcon_core.package_identification:Package 'src/turtlebot_x' with type 'ros.ament_python' and name 'turtlebot_x'
[0.213s] Level 1:colcon.colcon_core.package_discovery:discover_packages(recursive) using defaults
[0.213s] Level 1:colcon.colcon_core.package_discovery:discover_packages(ignore) discover
[0.213s] Level 1:colcon.colcon_core.package_discovery:discover_packages(ignore) using defaults
[0.213s] Level 1:colcon.colcon_core.package_discovery:discover_packages(path) discover
[0.213s] Level 1:colcon.colcon_core.package_discovery:discover_packages(path) using defaults
[0.236s] Level 1:colcon.colcon_core.package_discovery:discover_packages(prefix_path) check parameters
[0.236s] Level 1:colcon.colcon_core.package_discovery:discover_packages(prefix_path) discover
[0.312s] DEBUG:colcon.colcon_installed_package_information.package_discovery:Found 3 installed packages in /home/josue/colcon_ws/install
[0.312s] DEBUG:colcon.colcon_installed_package_information.package_discovery:Found 1 installed packages in /home/josue/chair_ros2_ws/install
[0.313s] DEBUG:colcon.colcon_installed_package_information.package_discovery:Found 1 installed packages in /home/josue/second_ros2_ws/install
[0.313s] DEBUG:colcon.colcon_installed_package_information.package_discovery:Found 6 installed packages in /home/josue/ws/install
[0.314s] DEBUG:colcon.colcon_installed_package_information.package_discovery:Found 1 installed packages in /home/josue/ros2_ws/install
[0.314s] DEBUG:colcon.colcon_installed_package_information.package_discovery:Found 1 installed packages in /home/josue/catkin_ws/install
[0.314s] DEBUG:colcon.colcon_installed_package_information.package_discovery:Found 1 installed packages in /home/josue/chair_ws/install
[0.316s] DEBUG:colcon.colcon_installed_package_information.package_discovery:Found 298 installed packages in /opt/ros/iron
[0.319s] Level 1:colcon.colcon_core.package_discovery:discover_packages(prefix_path) using defaults
[0.660s] Level 5:colcon.colcon_core.verb:set package 'turtlebot_x' build argument 'cmake_args' from command line to 'None'
[0.660s] Level 5:colcon.colcon_core.verb:set package 'turtlebot_x' build argument 'cmake_target' from command line to 'None'
[0.660s] Level 5:colcon.colcon_core.verb:set package 'turtlebot_x' build argument 'cmake_target_skip_unavailable' from command line to 'False'
[0.660s] Level 5:colcon.colcon_core.verb:set package 'turtlebot_x' build argument 'cmake_clean_cache' from command line to 'False'
[0.660s] Level 5:colcon.colcon_core.verb:set package 'turtlebot_x' build argument 'cmake_clean_first' from command line to 'False'
[0.660s] Level 5:colcon.colcon_core.verb:set package 'turtlebot_x' build argument 'cmake_force_configure' from command line to 'False'
[0.660s] Level 5:colcon.colcon_core.verb:set package 'turtlebot_x' build argument 'ament_cmake_args' from command line to 'None'
[0.660s] Level 5:colcon.colcon_core.verb:set package 'turtlebot_x' build argument 'catkin_cmake_args' from command line to 'None'
[0.660s] Level 5:colcon.colcon_core.verb:set package 'turtlebot_x' build argument 'catkin_skip_building_tests' from command line to 'False'
[0.660s] DEBUG:colcon.colcon_core.verb:Building package 'turtlebot_x' with the following arguments: {'ament_cmake_args': None, 'build_base': '/home/josue/chair_ws/build/turtlebot_x', 'catkin_cmake_args': None, 'catkin_skip_building_tests': False, 'cmake_args': None, 'cmake_clean_cache': False, 'cmake_clean_first': False, 'cmake_force_configure': False, 'cmake_target': None, 'cmake_target_skip_unavailable': False, 'install_base': '/home/josue/chair_ws/install/turtlebot_x', 'merge_install': False, 'path': '/home/josue/chair_ws/src/turtlebot_x', 'symlink_install': True, 'test_result_base': None}
[0.660s] INFO:colcon.colcon_core.executor:Executing jobs using 'parallel' executor
[0.662s] DEBUG:colcon.colcon_parallel_executor.executor.parallel:run_until_complete
[0.662s] INFO:colcon.colcon_ros.task.ament_python.build:Building ROS package in '/home/josue/chair_ws/src/turtlebot_x' with build type 'ament_python'
[0.662s] Level 1:colcon.colcon_core.shell:create_environment_hook('turtlebot_x', 'ament_prefix_path')
[0.666s] INFO:colcon.colcon_core.plugin_system:Skipping extension 'colcon_core.shell.bat': Not used on non-Windows systems
[0.666s] INFO:colcon.colcon_core.shell:Creating environment hook '/home/josue/chair_ws/install/turtlebot_x/share/turtlebot_x/hook/ament_prefix_path.ps1'
[0.676s] INFO:colcon.colcon_core.shell:Creating environment descriptor '/home/josue/chair_ws/install/turtlebot_x/share/turtlebot_x/hook/ament_prefix_path.dsv'
[0.690s] INFO:colcon.colcon_core.shell:Creating environment hook '/home/josue/chair_ws/install/turtlebot_x/share/turtlebot_x/hook/ament_prefix_path.sh'
[0.691s] INFO:colcon.colcon_core.shell:Skip shell extension 'powershell' for command environment: Not usable outside of PowerShell
[0.692s] DEBUG:colcon.colcon_core.shell:Skip shell extension 'dsv' for command environment
[0.971s] INFO:colcon.colcon_core.task.python.build:Building Python package in '/home/josue/chair_ws/src/turtlebot_x'
[0.971s] INFO:colcon.colcon_core.shell:Skip shell extension 'powershell' for command environment: Not usable outside of PowerShell
[0.971s] DEBUG:colcon.colcon_core.shell:Skip shell extension 'dsv' for command environment
[2.443s] DEBUG:colcon.colcon_core.task.python.build:While undoing a previous installation files outside the Python library path are being ignored: /home/josue/chair_ws/install/turtlebot_x/share/ament_index/resource_index/packages/turtlebot_x
[2.443s] DEBUG:colcon.colcon_core.task.python.build:While undoing a previous installation files outside the Python library path are being ignored: /home/josue/chair_ws/install/turtlebot_x/share/turtlebot_x/package.xml
[2.461s] DEBUG:colcon.colcon_core.task.python.build:While undoing a previous installation files outside the Python library path are being ignored: /home/josue/chair_ws/install/turtlebot_x/share/turtlebot_x/launch/gazebo.launch.py
[2.461s] DEBUG:colcon.colcon_core.task.python.build:While undoing a previous installation files outside the Python library path are being ignored: /home/josue/chair_ws/install/turtlebot_x/share/turtlebot_x/launch/demo.launch.py
[2.461s] DEBUG:colcon.colcon_core.task.python.build:While undoing a previous installation files outside the Python library path are being ignored: /home/josue/chair_ws/install/turtlebot_x/share/turtlebot_x/chairbot.urdf
[2.461s] DEBUG:colcon.colcon_core.task.python.build:While undoing a previous installation files outside the Python library path are being ignored: /home/josue/chair_ws/install/turtlebot_x/share/turtlebot_x/chairbot.sdf
[2.461s] DEBUG:colcon.colcon_core.task.python.build:While undoing a previous installation files outside the Python library path are being ignored: /home/josue/chair_ws/install/turtlebot_x/share/turtlebot_x
[2.469s] DEBUG:colcon.colcon_core.task.python.build:While undoing a previous installation files outside the Python library path are being ignored: /home/josue/chair_ws/install/turtlebot_x/lib/turtlebot_x/driving_node
[2.469s] DEBUG:colcon.colcon_core.task.python.build:While undoing a previous installation files outside the Python library path are being ignored: /home/josue/chair_ws/install/turtlebot_x/lib/turtlebot_x/video_subscriber
[2.479s] DEBUG:colcon.colcon_core.event_handler.log_command:Invoking command in '/home/josue/chair_ws/build/turtlebot_x': PYTHONPATH=/home/josue/chair_ws/build/turtlebot_x/prefix_override:/home/josue/chair_ws/install/turtlebot_x/lib/python3.10/site-packages:${PYTHONPATH} /usr/bin/python3 -W ignore:setup.py install is deprecated setup.py develop --editable --build-directory /home/josue/chair_ws/build/turtlebot_x/build --no-deps symlink_data --force
[3.329s] Level 1:colcon.colcon_core.shell:create_environment_hook('turtlebot_x', 'pythonpath_develop')
[3.330s] INFO:colcon.colcon_core.shell:Creating environment hook '/home/josue/chair_ws/build/turtlebot_x/share/turtlebot_x/hook/pythonpath_develop.ps1'
[3.330s] DEBUG:colcon.colcon_core.event_handler.log_command:Invoked command in '/home/josue/chair_ws/build/turtlebot_x' returned '0': PYTHONPATH=/home/josue/chair_ws/build/turtlebot_x/prefix_override:/home/josue/chair_ws/install/turtlebot_x/lib/python3.10/site-packages:${PYTHONPATH} /usr/bin/python3 -W ignore:setup.py install is deprecated setup.py develop --editable --build-directory /home/josue/chair_ws/build/turtlebot_x/build --no-deps symlink_data --force
[3.331s] INFO:colcon.colcon_core.shell:Creating environment descriptor '/home/josue/chair_ws/build/turtlebot_x/share/turtlebot_x/hook/pythonpath_develop.dsv'
[3.331s] INFO:colcon.colcon_core.shell:Creating environment hook '/home/josue/chair_ws/build/turtlebot_x/share/turtlebot_x/hook/pythonpath_develop.sh'
[3.374s] Level 1:colcon.colcon_core.environment:checking '/home/josue/chair_ws/install/turtlebot_x' for CMake module files
[3.374s] Level 1:colcon.colcon_core.environment:checking '/home/josue/chair_ws/install/turtlebot_x' for CMake config files
[3.386s] Level 1:colcon.colcon_core.environment:checking '/home/josue/chair_ws/install/turtlebot_x/lib'
[3.386s] Level 1:colcon.colcon_core.environment:checking '/home/josue/chair_ws/install/turtlebot_x/bin'
[3.386s] Level 1:colcon.colcon_core.environment:checking '/home/josue/chair_ws/install/turtlebot_x/lib/pkgconfig/turtlebot_x.pc'
[3.386s] Level 1:colcon.colcon_core.environment:checking '/home/josue/chair_ws/install/turtlebot_x/lib/python3.10/site-packages'
[3.386s] Level 1:colcon.colcon_core.shell:create_environment_hook('turtlebot_x', 'pythonpath')
[3.387s] INFO:colcon.colcon_core.shell:Creating environment hook '/home/josue/chair_ws/install/turtlebot_x/share/turtlebot_x/hook/pythonpath.ps1'
[3.387s] INFO:colcon.colcon_core.shell:Creating environment descriptor '/home/josue/chair_ws/install/turtlebot_x/share/turtlebot_x/hook/pythonpath.dsv'
[3.387s] INFO:colcon.colcon_core.shell:Creating environment hook '/home/josue/chair_ws/install/turtlebot_x/share/turtlebot_x/hook/pythonpath.sh'
[3.388s] Level 1:colcon.colcon_core.environment:checking '/home/josue/chair_ws/install/turtlebot_x/bin'
[3.388s] Level 1:colcon.colcon_core.environment:create_environment_scripts_only(turtlebot_x)
[3.389s] INFO:colcon.colcon_core.shell:Creating package script '/home/josue/chair_ws/install/turtlebot_x/share/turtlebot_x/package.ps1'
[3.401s] INFO:colcon.colcon_core.shell:Creating package descriptor '/home/josue/chair_ws/install/turtlebot_x/share/turtlebot_x/package.dsv'
[3.416s] INFO:colcon.colcon_core.shell:Creating package script '/home/josue/chair_ws/install/turtlebot_x/share/turtlebot_x/package.sh'
[3.418s] INFO:colcon.colcon_core.shell:Creating package script '/home/josue/chair_ws/install/turtlebot_x/share/turtlebot_x/package.bash'
[3.425s] INFO:colcon.colcon_core.shell:Creating package script '/home/josue/chair_ws/install/turtlebot_x/share/turtlebot_x/package.zsh'
[3.438s] Level 1:colcon.colcon_core.environment:create_file_with_runtime_dependencies(/home/josue/chair_ws/install/turtlebot_x/share/colcon-core/packages/turtlebot_x)
[3.438s] DEBUG:colcon.colcon_parallel_executor.executor.parallel:closing loop
[3.439s] DEBUG:colcon.colcon_parallel_executor.executor.parallel:loop closed
[3.439s] DEBUG:colcon.colcon_parallel_executor.executor.parallel:run_until_complete finished with '0'
[3.439s] DEBUG:colcon.colcon_core.event_reactor:joining thread
[3.468s] INFO:colcon.colcon_core.plugin_system:Skipping extension 'colcon_notification.desktop_notification.terminal_notifier': Not used on non-Darwin systems
[3.468s] INFO:colcon.colcon_core.plugin_system:Skipping extension 'colcon_notification.desktop_notification.win32': Not used on non-Windows systems
[3.468s] INFO:colcon.colcon_notification.desktop_notification:Sending desktop notification using 'notify2'
[3.482s] DEBUG:colcon.colcon_core.event_reactor:joined thread
[3.482s] INFO:colcon.colcon_core.shell:Creating prefix script '/home/josue/chair_ws/install/local_setup.ps1'
[3.488s] INFO:colcon.colcon_core.shell:Creating prefix util module '/home/josue/chair_ws/install/_local_setup_util_ps1.py'
[3.490s] INFO:colcon.colcon_core.shell:Creating prefix chain script '/home/josue/chair_ws/install/setup.ps1'
[3.498s] INFO:colcon.colcon_core.shell:Creating prefix script '/home/josue/chair_ws/install/local_setup.sh'
[3.498s] INFO:colcon.colcon_core.shell:Creating prefix util module '/home/josue/chair_ws/install/_local_setup_util_sh.py'
[3.499s] INFO:colcon.colcon_core.shell:Creating prefix chain script '/home/josue/chair_ws/install/setup.sh'
[3.502s] INFO:colcon.colcon_core.shell:Creating prefix script '/home/josue/chair_ws/install/local_setup.bash'
[3.503s] INFO:colcon.colcon_core.shell:Creating prefix chain script '/home/josue/chair_ws/install/setup.bash'
[3.505s] INFO:colcon.colcon_core.shell:Creating prefix script '/home/josue/chair_ws/install/local_setup.zsh'
[3.505s] INFO:colcon.colcon_core.shell:Creating prefix chain script '/home/josue/chair_ws/install/setup.zsh'
