[1.966s] Invoking command in '/home/josue/chair_ws/build/turtlebot_x': PYTHONPATH=/home/josue/chair_ws/build/turtlebot_x/prefix_override:/home/josue/chair_ws/install/turtlebot_x/lib/python3.10/site-packages:${PYTHONPATH} /usr/bin/python3 -W ignore:setup.py install is deprecated setup.py develop --editable --build-directory /home/josue/chair_ws/build/turtlebot_x/build --no-deps symlink_data --force
[2.392s] running develop
[2.401s] /home/josue/.local/lib/python3.10/site-packages/setuptools/command/develop.py:40: EasyInstallDeprecationWarning: easy_install command is deprecated.
[2.401s] !!
[2.401s] 
[2.401s]         ********************************************************************************
[2.401s]         Please avoid running ``setup.py`` and ``easy_install``.
[2.401s]         Instead, use pypa/build, pypa/installer or other
[2.401s]         standards-based tools.
[2.401s] 
[2.401s]         See https://github.com/pypa/setuptools/issues/917 for details.
[2.401s]         ********************************************************************************
[2.401s] 
[2.402s] !!
[2.402s]   easy_install.initialize_options(self)
[2.715s] running egg_info
[2.735s] writing turtlebot_x.egg-info/PKG-INFO
[2.736s] writing dependency_links to turtlebot_x.egg-info/dependency_links.txt
[2.736s] writing entry points to turtlebot_x.egg-info/entry_points.txt
[2.737s] writing requirements to turtlebot_x.egg-info/requires.txt
[2.737s] writing top-level names to turtlebot_x.egg-info/top_level.txt
[2.777s] reading manifest file 'turtlebot_x.egg-info/SOURCES.txt'
[2.779s] writing manifest file 'turtlebot_x.egg-info/SOURCES.txt'
[2.800s] running build_ext
[2.800s] Creating /home/josue/chair_ws/install/turtlebot_x/lib/python3.10/site-packages/turtlebot-x.egg-link (link to .)
[2.801s] Installing driving_node script to /home/josue/chair_ws/install/turtlebot_x/lib/turtlebot_x
[2.801s] Installing video_subscriber script to /home/josue/chair_ws/install/turtlebot_x/lib/turtlebot_x
[2.801s] 
[2.801s] Installed /home/josue/chair_ws/build/turtlebot_x
[2.801s] running symlink_data
[2.802s] symbolically linking /home/josue/chair_ws/build/turtlebot_x/resource/turtlebot_x -> /home/josue/chair_ws/install/turtlebot_x/share/ament_index/resource_index/packages
[2.802s] symbolically linking /home/josue/chair_ws/build/turtlebot_x/package.xml -> /home/josue/chair_ws/install/turtlebot_x/share/turtlebot_x
[2.802s] symbolically linking /home/josue/chair_ws/build/turtlebot_x/launch/joystick.launch.py -> /home/josue/chair_ws/install/turtlebot_x/share/turtlebot_x/launch
[2.802s] symbolically linking /home/josue/chair_ws/build/turtlebot_x/launch/gazebo.launch.py -> /home/josue/chair_ws/install/turtlebot_x/share/turtlebot_x/launch
[2.802s] symbolically linking /home/josue/chair_ws/build/turtlebot_x/launch/demo.launch.py -> /home/josue/chair_ws/install/turtlebot_x/share/turtlebot_x/launch
[2.802s] error: [Errno 2] No such file or directory: '/home/josue/chair_ws/install/turtlebot_x/share/turtlebot_x/launch/chairbot_simulation_launch.py'
[2.841s] Invoked command in '/home/josue/chair_ws/build/turtlebot_x' returned '1': PYTHONPATH=/home/josue/chair_ws/build/turtlebot_x/prefix_override:/home/josue/chair_ws/install/turtlebot_x/lib/python3.10/site-packages:${PYTHONPATH} /usr/bin/python3 -W ignore:setup.py install is deprecated setup.py develop --editable --build-directory /home/josue/chair_ws/build/turtlebot_x/build --no-deps symlink_data --force
