/home/josue/chair_ws/install/turtlebot_x/lib/python3.10/site-packages/turtlebot_x/video_recorder_node.py
/home/josue/chair_ws/install/turtlebot_x/lib/python3.10/site-packages/turtlebot_x/driving_node.py
/home/josue/chair_ws/install/turtlebot_x/lib/python3.10/site-packages/turtlebot_x/__init__.py
/home/josue/chair_ws/install/turtlebot_x/lib/python3.10/site-packages/turtlebot_x/__pycache__/video_recorder_node.cpython-310.pyc
/home/josue/chair_ws/install/turtlebot_x/lib/python3.10/site-packages/turtlebot_x/__pycache__/driving_node.cpython-310.pyc
/home/josue/chair_ws/install/turtlebot_x/lib/python3.10/site-packages/turtlebot_x/__pycache__/__init__.cpython-310.pyc
/home/josue/chair_ws/install/turtlebot_x/share/ament_index/resource_index/packages/turtlebot_x
/home/josue/chair_ws/install/turtlebot_x/share/turtlebot_x/package.xml
/home/josue/chair_ws/install/turtlebot_x/share/turtlebot_x/launch/localization_launch.py
/home/josue/chair_ws/install/turtlebot_x/share/turtlebot_x/launch/unique_multi_chairbot_simulation_launch.py
/home/josue/chair_ws/install/turtlebot_x/share/turtlebot_x/launch/joystick.launch.py
/home/josue/chair_ws/install/turtlebot_x/share/turtlebot_x/launch/gazebo.launch.py
/home/josue/chair_ws/install/turtlebot_x/share/turtlebot_x/launch/online_sync_launch.py
/home/josue/chair_ws/install/turtlebot_x/share/turtlebot_x/launch/demo.launch.py
/home/josue/chair_ws/install/turtlebot_x/share/turtlebot_x/launch/slam_launch.py
/home/josue/chair_ws/install/turtlebot_x/share/turtlebot_x/launch/rviz_launch.py
/home/josue/chair_ws/install/turtlebot_x/share/turtlebot_x/launch/navigation_launch.py
/home/josue/chair_ws/install/turtlebot_x/share/turtlebot_x/launch/cloned_multi_chairbot_simulation_launch.py
/home/josue/chair_ws/install/turtlebot_x/share/turtlebot_x/launch/chairbot_simulation_launch.py
/home/josue/chair_ws/install/turtlebot_x/share/turtlebot_x/launch/bringup_launch.py
/home/josue/chair_ws/install/turtlebot_x/share/turtlebot_x/chairbot.urdf
/home/josue/chair_ws/install/turtlebot_x/share/turtlebot_x/chairbot.sdf
/home/josue/chair_ws/install/turtlebot_x/share/turtlebot_x
/home/josue/chair_ws/install/turtlebot_x/lib/python3.10/site-packages/turtlebot_x-0.0.0-py3.10.egg-info/top_level.txt
/home/josue/chair_ws/install/turtlebot_x/lib/python3.10/site-packages/turtlebot_x-0.0.0-py3.10.egg-info/dependency_links.txt
/home/josue/chair_ws/install/turtlebot_x/lib/python3.10/site-packages/turtlebot_x-0.0.0-py3.10.egg-info/entry_points.txt
/home/josue/chair_ws/install/turtlebot_x/lib/python3.10/site-packages/turtlebot_x-0.0.0-py3.10.egg-info/SOURCES.txt
/home/josue/chair_ws/install/turtlebot_x/lib/python3.10/site-packages/turtlebot_x-0.0.0-py3.10.egg-info/zip-safe
/home/josue/chair_ws/install/turtlebot_x/lib/python3.10/site-packages/turtlebot_x-0.0.0-py3.10.egg-info/PKG-INFO
/home/josue/chair_ws/install/turtlebot_x/lib/python3.10/site-packages/turtlebot_x-0.0.0-py3.10.egg-info/requires.txt
/home/josue/chair_ws/install/turtlebot_x/lib/turtlebot_x/driving_node
/home/josue/chair_ws/install/turtlebot_x/lib/turtlebot_x/video_subscriber
