[0.909s] Invoking command in '/home/josue/chair_ws/build/turtlebot_x': PYTHONPATH=/home/josue/chair_ws/build/turtlebot_x/prefix_override:/home/josue/chair_ws/install/turtlebot_x/lib/python3.10/site-packages:${PYTHONPATH} /usr/bin/python3 -W ignore:setup.py install is deprecated setup.py develop --editable --build-directory /home/josue/chair_ws/build/turtlebot_x/build --no-deps symlink_data
[1.300s] running develop
[1.300s] /home/josue/.local/lib/python3.10/site-packages/setuptools/command/develop.py:40: EasyInstallDeprecationWarning: easy_install command is deprecated.
[1.301s] !!
[1.301s] 
[1.301s]         ********************************************************************************
[1.301s]         Please avoid running ``setup.py`` and ``easy_install``.
[1.301s]         Instead, use pypa/build, pypa/installer or other
[1.301s]         standards-based tools.
[1.301s] 
[1.302s]         See https://github.com/pypa/setuptools/issues/917 for details.
[1.302s]         ********************************************************************************
[1.302s] 
[1.302s] !!
[1.302s]   easy_install.initialize_options(self)
[1.564s] running egg_info
[1.582s] writing turtlebot_x.egg-info/PKG-INFO
[1.582s] writing dependency_links to turtlebot_x.egg-info/dependency_links.txt
[1.583s] writing entry points to turtlebot_x.egg-info/entry_points.txt
[1.583s] writing requirements to turtlebot_x.egg-info/requires.txt
[1.583s] writing top-level names to turtlebot_x.egg-info/top_level.txt
[1.622s] reading manifest file 'turtlebot_x.egg-info/SOURCES.txt'
[1.623s] writing manifest file 'turtlebot_x.egg-info/SOURCES.txt'
[1.644s] running build_ext
[1.645s] Creating /home/josue/chair_ws/install/turtlebot_x/lib/python3.10/site-packages/turtlebot-x.egg-link (link to .)
[1.646s] Installing driving_node script to /home/josue/chair_ws/install/turtlebot_x/lib/turtlebot_x
[1.646s] Installing video_subscriber script to /home/josue/chair_ws/install/turtlebot_x/lib/turtlebot_x
[1.646s] 
[1.646s] Installed /home/josue/chair_ws/build/turtlebot_x
[1.647s] running symlink_data
[1.687s] Invoked command in '/home/josue/chair_ws/build/turtlebot_x' returned '0': PYTHONPATH=/home/josue/chair_ws/build/turtlebot_x/prefix_override:/home/josue/chair_ws/install/turtlebot_x/lib/python3.10/site-packages:${PYTHONPATH} /usr/bin/python3 -W ignore:setup.py install is deprecated setup.py develop --editable --build-directory /home/josue/chair_ws/build/turtlebot_x/build --no-deps symlink_data
