[0.131s] DEBUG:colcon:Command line arguments: ['/usr/bin/colcon', 'build', '--symlink-install']
[0.131s] DEBUG:colcon:Parsed command line arguments: Namespace(log_base=None, log_level=None, verb_name='build', build_base='build', install_base='install', merge_install=False, symlink_install=True, test_result_base=None, continue_on_error=False, executor='parallel', parallel_workers=4, event_handlers=None, ignore_user_meta=False, metas=['./colcon.meta'], base_paths=['.'], packages_ignore=None, packages_ignore_regex=None, paths=None, packages_up_to=None, packages_up_to_regex=None, packages_above=None, packages_above_and_dependencies=None, packages_above_depth=None, packages_select_by_dep=None, packages_skip_by_dep=None, packages_skip_up_to=None, packages_select_build_failed=False, packages_skip_build_finished=False, packages_select_test_failures=False, packages_skip_test_passed=False, packages_select=None, packages_skip=None, packages_select_regex=None, packages_skip_regex=None, packages_start=None, packages_end=None, allow_overriding=[], cmake_args=None, cmake_target=None, cmake_target_skip_unavailable=False, cmake_clean_cache=False, cmake_clean_first=False, cmake_force_configure=False, ament_cmake_args=None, catkin_cmake_args=None, catkin_skip_building_tests=False, verb_parser=<colcon_defaults.argument_parser.defaults.DefaultArgumentsDecorator object at 0x76101dfc24a0>, verb_extension=<colcon_core.verb.build.BuildVerb object at 0x76101e13bd60>, main=<bound method BuildVerb.main of <colcon_core.verb.build.BuildVerb object at 0x76101e13bd60>>)
[0.176s] Level 1:colcon.colcon_core.package_discovery:discover_packages(colcon_meta) check parameters
[0.176s] Level 1:colcon.colcon_core.package_discovery:discover_packages(recursive) check parameters
[0.176s] Level 1:colcon.colcon_core.package_discovery:discover_packages(ignore) check parameters
[0.176s] Level 1:colcon.colcon_core.package_discovery:discover_packages(path) check parameters
[0.176s] Level 1:colcon.colcon_core.package_discovery:discover_packages(colcon_meta) discover
[0.176s] Level 1:colcon.colcon_core.package_discovery:discover_packages(recursive) discover
[0.176s] INFO:colcon.colcon_core.package_discovery:Crawling recursively for packages in '/home/josue/chair_ws'
[0.176s] Level 1:colcon.colcon_core.package_identification:_identify(.) by extensions ['ignore', 'ignore_ament_install']
[0.176s] Level 1:colcon.colcon_core.package_identification:_identify(.) by extension 'ignore'
[0.176s] Level 1:colcon.colcon_core.package_identification:_identify(.) by extension 'ignore_ament_install'
[0.176s] Level 1:colcon.colcon_core.package_identification:_identify(.) by extensions ['colcon_pkg']
[0.176s] Level 1:colcon.colcon_core.package_identification:_identify(.) by extension 'colcon_pkg'
[0.177s] Level 1:colcon.colcon_core.package_identification:_identify(.) by extensions ['colcon_meta']
[0.177s] Level 1:colcon.colcon_core.package_identification:_identify(.) by extension 'colcon_meta'
[0.177s] Level 1:colcon.colcon_core.package_identification:_identify(.) by extensions ['ros']
[0.177s] Level 1:colcon.colcon_core.package_identification:_identify(.) by extension 'ros'
[0.195s] Level 1:colcon.colcon_core.package_identification:_identify(.) by extensions ['cmake', 'python']
[0.195s] Level 1:colcon.colcon_core.package_identification:_identify(.) by extension 'cmake'
[0.195s] Level 1:colcon.colcon_core.package_identification:_identify(.) by extension 'python'
[0.195s] Level 1:colcon.colcon_core.package_identification:_identify(.) by extensions ['python_setup_py']
[0.195s] Level 1:colcon.colcon_core.package_identification:_identify(.) by extension 'python_setup_py'
[0.195s] Level 1:colcon.colcon_core.package_identification:_identify(build) by extensions ['ignore', 'ignore_ament_install']
[0.195s] Level 1:colcon.colcon_core.package_identification:_identify(build) by extension 'ignore'
[0.195s] Level 1:colcon.colcon_core.package_identification:_identify(build) ignored
[0.195s] Level 1:colcon.colcon_core.package_identification:_identify(install) by extensions ['ignore', 'ignore_ament_install']
[0.195s] Level 1:colcon.colcon_core.package_identification:_identify(install) by extension 'ignore'
[0.195s] Level 1:colcon.colcon_core.package_identification:_identify(install) ignored
[0.196s] Level 1:colcon.colcon_core.package_identification:_identify(log) by extensions ['ignore', 'ignore_ament_install']
[0.196s] Level 1:colcon.colcon_core.package_identification:_identify(log) by extension 'ignore'
[0.196s] Level 1:colcon.colcon_core.package_identification:_identify(log) ignored
[0.196s] Level 1:colcon.colcon_core.package_identification:_identify(src) by extensions ['ignore', 'ignore_ament_install']
[0.196s] Level 1:colcon.colcon_core.package_identification:_identify(src) by extension 'ignore'
[0.196s] Level 1:colcon.colcon_core.package_identification:_identify(src) by extension 'ignore_ament_install'
[0.196s] Level 1:colcon.colcon_core.package_identification:_identify(src) by extensions ['colcon_pkg']
[0.196s] Level 1:colcon.colcon_core.package_identification:_identify(src) by extension 'colcon_pkg'
[0.196s] Level 1:colcon.colcon_core.package_identification:_identify(src) by extensions ['colcon_meta']
[0.196s] Level 1:colcon.colcon_core.package_identification:_identify(src) by extension 'colcon_meta'
[0.196s] Level 1:colcon.colcon_core.package_identification:_identify(src) by extensions ['ros']
[0.196s] Level 1:colcon.colcon_core.package_identification:_identify(src) by extension 'ros'
[0.196s] Level 1:colcon.colcon_core.package_identification:_identify(src) by extensions ['cmake', 'python']
[0.196s] Level 1:colcon.colcon_core.package_identification:_identify(src) by extension 'cmake'
[0.197s] Level 1:colcon.colcon_core.package_identification:_identify(src) by extension 'python'
[0.197s] Level 1:colcon.colcon_core.package_identification:_identify(src) by extensions ['python_setup_py']
[0.197s] Level 1:colcon.colcon_core.package_identification:_identify(src) by extension 'python_setup_py'
[0.197s] Level 1:colcon.colcon_core.package_identification:_identify(src/turtlebot_x) by extensions ['ignore', 'ignore_ament_install']
[0.197s] Level 1:colcon.colcon_core.package_identification:_identify(src/turtlebot_x) by extension 'ignore'
[0.197s] Level 1:colcon.colcon_core.package_identification:_identify(src/turtlebot_x) by extension 'ignore_ament_install'
[0.197s] Level 1:colcon.colcon_core.package_identification:_identify(src/turtlebot_x) by extensions ['colcon_pkg']
[0.197s] Level 1:colcon.colcon_core.package_identification:_identify(src/turtlebot_x) by extension 'colcon_pkg'
[0.197s] Level 1:colcon.colcon_core.package_identification:_identify(src/turtlebot_x) by extensions ['colcon_meta']
[0.197s] Level 1:colcon.colcon_core.package_identification:_identify(src/turtlebot_x) by extension 'colcon_meta'
[0.197s] Level 1:colcon.colcon_core.package_identification:_identify(src/turtlebot_x) by extensions ['ros']
[0.197s] Level 1:colcon.colcon_core.package_identification:_identify(src/turtlebot_x) by extension 'ros'
[0.201s] DEBUG:colcon.colcon_core.package_identification:Package 'src/turtlebot_x' with type 'ros.ament_python' and name 'turtlebot_x'
[0.201s] Level 1:colcon.colcon_core.package_discovery:discover_packages(recursive) using defaults
[0.201s] Level 1:colcon.colcon_core.package_discovery:discover_packages(ignore) discover
[0.201s] Level 1:colcon.colcon_core.package_discovery:discover_packages(ignore) using defaults
[0.201s] Level 1:colcon.colcon_core.package_discovery:discover_packages(path) discover
[0.201s] Level 1:colcon.colcon_core.package_discovery:discover_packages(path) using defaults
[0.224s] Level 1:colcon.colcon_core.package_discovery:discover_packages(prefix_path) check parameters
[0.224s] Level 1:colcon.colcon_core.package_discovery:discover_packages(prefix_path) discover
[0.226s] DEBUG:colcon.colcon_installed_package_information.package_discovery:Found 3 installed packages in /home/josue/colcon_ws/install
[0.227s] DEBUG:colcon.colcon_installed_package_information.package_discovery:Found 1 installed packages in /home/josue/chair_ros2_ws/install
[0.227s] DEBUG:colcon.colcon_installed_package_information.package_discovery:Found 1 installed packages in /home/josue/second_ros2_ws/install
[0.228s] DEBUG:colcon.colcon_installed_package_information.package_discovery:Found 6 installed packages in /home/josue/ws/install
[0.228s] DEBUG:colcon.colcon_installed_package_information.package_discovery:Found 1 installed packages in /home/josue/ros2_ws/install
[0.228s] DEBUG:colcon.colcon_installed_package_information.package_discovery:Found 1 installed packages in /home/josue/catkin_ws/install
[0.229s] DEBUG:colcon.colcon_installed_package_information.package_discovery:Found 2 installed packages in /home/josue/chair_ws/install
[0.231s] DEBUG:colcon.colcon_installed_package_information.package_discovery:Found 358 installed packages in /opt/ros/iron
[0.234s] Level 1:colcon.colcon_core.package_discovery:discover_packages(prefix_path) using defaults
[0.296s] Level 5:colcon.colcon_core.verb:set package 'turtlebot_x' build argument 'cmake_args' from command line to 'None'
[0.296s] Level 5:colcon.colcon_core.verb:set package 'turtlebot_x' build argument 'cmake_target' from command line to 'None'
[0.296s] Level 5:colcon.colcon_core.verb:set package 'turtlebot_x' build argument 'cmake_target_skip_unavailable' from command line to 'False'
[0.296s] Level 5:colcon.colcon_core.verb:set package 'turtlebot_x' build argument 'cmake_clean_cache' from command line to 'False'
[0.296s] Level 5:colcon.colcon_core.verb:set package 'turtlebot_x' build argument 'cmake_clean_first' from command line to 'False'
[0.296s] Level 5:colcon.colcon_core.verb:set package 'turtlebot_x' build argument 'cmake_force_configure' from command line to 'False'
[0.296s] Level 5:colcon.colcon_core.verb:set package 'turtlebot_x' build argument 'ament_cmake_args' from command line to 'None'
[0.296s] Level 5:colcon.colcon_core.verb:set package 'turtlebot_x' build argument 'catkin_cmake_args' from command line to 'None'
[0.296s] Level 5:colcon.colcon_core.verb:set package 'turtlebot_x' build argument 'catkin_skip_building_tests' from command line to 'False'
[0.296s] DEBUG:colcon.colcon_core.verb:Building package 'turtlebot_x' with the following arguments: {'ament_cmake_args': None, 'build_base': '/home/josue/chair_ws/build/turtlebot_x', 'catkin_cmake_args': None, 'catkin_skip_building_tests': False, 'cmake_args': None, 'cmake_clean_cache': False, 'cmake_clean_first': False, 'cmake_force_configure': False, 'cmake_target': None, 'cmake_target_skip_unavailable': False, 'install_base': '/home/josue/chair_ws/install/turtlebot_x', 'merge_install': False, 'path': '/home/josue/chair_ws/src/turtlebot_x', 'symlink_install': True, 'test_result_base': None}
[0.296s] INFO:colcon.colcon_core.executor:Executing jobs using 'parallel' executor
[0.297s] DEBUG:colcon.colcon_parallel_executor.executor.parallel:run_until_complete
[0.298s] INFO:colcon.colcon_ros.task.ament_python.build:Building ROS package in '/home/josue/chair_ws/src/turtlebot_x' with build type 'ament_python'
[0.298s] Level 1:colcon.colcon_core.shell:create_environment_hook('turtlebot_x', 'ament_prefix_path')
[0.300s] INFO:colcon.colcon_core.plugin_system:Skipping extension 'colcon_core.shell.bat': Not used on non-Windows systems
[0.301s] INFO:colcon.colcon_core.shell:Creating environment hook '/home/josue/chair_ws/install/turtlebot_x/share/turtlebot_x/hook/ament_prefix_path.ps1'
[0.301s] INFO:colcon.colcon_core.shell:Creating environment descriptor '/home/josue/chair_ws/install/turtlebot_x/share/turtlebot_x/hook/ament_prefix_path.dsv'
[0.302s] INFO:colcon.colcon_core.shell:Creating environment hook '/home/josue/chair_ws/install/turtlebot_x/share/turtlebot_x/hook/ament_prefix_path.sh'
[0.303s] INFO:colcon.colcon_core.shell:Skip shell extension 'powershell' for command environment: Not usable outside of PowerShell
[0.303s] DEBUG:colcon.colcon_core.shell:Skip shell extension 'dsv' for command environment
[0.571s] INFO:colcon.colcon_core.task.python.build:Building Python package in '/home/josue/chair_ws/src/turtlebot_x'
[0.571s] INFO:colcon.colcon_core.shell:Skip shell extension 'powershell' for command environment: Not usable outside of PowerShell
[0.571s] DEBUG:colcon.colcon_core.shell:Skip shell extension 'dsv' for command environment
[1.226s] DEBUG:colcon.colcon_core.task.python.build:While undoing a previous installation files outside the Python library path are being ignored: /home/josue/chair_ws/install/turtlebot_x/share/ament_index/resource_index/packages/turtlebot_x
[1.226s] DEBUG:colcon.colcon_core.task.python.build:While undoing a previous installation files outside the Python library path are being ignored: /home/josue/chair_ws/install/turtlebot_x/share/turtlebot_x/package.xml
[1.226s] DEBUG:colcon.colcon_core.task.python.build:While undoing a previous installation files outside the Python library path are being ignored: /home/josue/chair_ws/install/turtlebot_x/share/turtlebot_x/launch/joystick.launch.py
[1.226s] DEBUG:colcon.colcon_core.task.python.build:While undoing a previous installation files outside the Python library path are being ignored: /home/josue/chair_ws/install/turtlebot_x/share/turtlebot_x/launch/gazebo.launch.py
[1.226s] DEBUG:colcon.colcon_core.task.python.build:While undoing a previous installation files outside the Python library path are being ignored: /home/josue/chair_ws/install/turtlebot_x/share/turtlebot_x/launch/demo.launch.py
[1.226s] DEBUG:colcon.colcon_core.task.python.build:While undoing a previous installation files outside the Python library path are being ignored: /home/josue/chair_ws/install/turtlebot_x/share/turtlebot_x/launch/chairbot_simulation_launch.py
[1.226s] DEBUG:colcon.colcon_core.task.python.build:While undoing a previous installation files outside the Python library path are being ignored: /home/josue/chair_ws/install/turtlebot_x/share/turtlebot_x/chairbot.urdf
[1.226s] DEBUG:colcon.colcon_core.task.python.build:While undoing a previous installation files outside the Python library path are being ignored: /home/josue/chair_ws/install/turtlebot_x/share/turtlebot_x/chairbot.sdf
[1.226s] DEBUG:colcon.colcon_core.task.python.build:While undoing a previous installation files outside the Python library path are being ignored: /home/josue/chair_ws/install/turtlebot_x/share/turtlebot_x
[1.227s] DEBUG:colcon.colcon_core.task.python.build:While undoing a previous installation files outside the Python library path are being ignored: /home/josue/chair_ws/install/turtlebot_x/lib/turtlebot_x/driving_node
[1.227s] DEBUG:colcon.colcon_core.task.python.build:While undoing a previous installation files outside the Python library path are being ignored: /home/josue/chair_ws/install/turtlebot_x/lib/turtlebot_x/video_subscriber
[1.229s] DEBUG:colcon.colcon_core.event_handler.log_command:Invoking command in '/home/josue/chair_ws/build/turtlebot_x': PYTHONPATH=/home/josue/chair_ws/build/turtlebot_x/prefix_override:/home/josue/chair_ws/install/turtlebot_x/lib/python3.10/site-packages:${PYTHONPATH} /usr/bin/python3 -W ignore:setup.py install is deprecated setup.py develop --editable --build-directory /home/josue/chair_ws/build/turtlebot_x/build --no-deps symlink_data --force
[2.574s] Level 1:colcon.colcon_core.shell:create_environment_hook('turtlebot_x', 'pythonpath_develop')
[2.574s] INFO:colcon.colcon_core.shell:Creating environment hook '/home/josue/chair_ws/build/turtlebot_x/share/turtlebot_x/hook/pythonpath_develop.ps1'
[2.575s] DEBUG:colcon.colcon_core.event_handler.log_command:Invoked command in '/home/josue/chair_ws/build/turtlebot_x' returned '0': PYTHONPATH=/home/josue/chair_ws/build/turtlebot_x/prefix_override:/home/josue/chair_ws/install/turtlebot_x/lib/python3.10/site-packages:${PYTHONPATH} /usr/bin/python3 -W ignore:setup.py install is deprecated setup.py develop --editable --build-directory /home/josue/chair_ws/build/turtlebot_x/build --no-deps symlink_data --force
[2.589s] INFO:colcon.colcon_core.shell:Creating environment descriptor '/home/josue/chair_ws/build/turtlebot_x/share/turtlebot_x/hook/pythonpath_develop.dsv'
[2.589s] INFO:colcon.colcon_core.shell:Creating environment hook '/home/josue/chair_ws/build/turtlebot_x/share/turtlebot_x/hook/pythonpath_develop.sh'
[2.594s] Level 1:colcon.colcon_core.environment:checking '/home/josue/chair_ws/install/turtlebot_x' for CMake module files
[2.595s] Level 1:colcon.colcon_core.environment:checking '/home/josue/chair_ws/install/turtlebot_x' for CMake config files
[2.596s] Level 1:colcon.colcon_core.environment:checking '/home/josue/chair_ws/install/turtlebot_x/lib'
[2.597s] Level 1:colcon.colcon_core.environment:checking '/home/josue/chair_ws/install/turtlebot_x/bin'
[2.597s] Level 1:colcon.colcon_core.environment:checking '/home/josue/chair_ws/install/turtlebot_x/lib/pkgconfig/turtlebot_x.pc'
[2.597s] Level 1:colcon.colcon_core.environment:checking '/home/josue/chair_ws/install/turtlebot_x/lib/python3.10/site-packages'
[2.597s] Level 1:colcon.colcon_core.shell:create_environment_hook('turtlebot_x', 'pythonpath')
[2.598s] INFO:colcon.colcon_core.shell:Creating environment hook '/home/josue/chair_ws/install/turtlebot_x/share/turtlebot_x/hook/pythonpath.ps1'
[2.599s] INFO:colcon.colcon_core.shell:Creating environment descriptor '/home/josue/chair_ws/install/turtlebot_x/share/turtlebot_x/hook/pythonpath.dsv'
[2.599s] INFO:colcon.colcon_core.shell:Creating environment hook '/home/josue/chair_ws/install/turtlebot_x/share/turtlebot_x/hook/pythonpath.sh'
[2.600s] Level 1:colcon.colcon_core.environment:checking '/home/josue/chair_ws/install/turtlebot_x/bin'
[2.600s] Level 1:colcon.colcon_core.environment:create_environment_scripts_only(turtlebot_x)
[2.601s] INFO:colcon.colcon_core.shell:Creating package script '/home/josue/chair_ws/install/turtlebot_x/share/turtlebot_x/package.ps1'
[2.603s] INFO:colcon.colcon_core.shell:Creating package descriptor '/home/josue/chair_ws/install/turtlebot_x/share/turtlebot_x/package.dsv'
[2.605s] INFO:colcon.colcon_core.shell:Creating package script '/home/josue/chair_ws/install/turtlebot_x/share/turtlebot_x/package.sh'
[2.606s] INFO:colcon.colcon_core.shell:Creating package script '/home/josue/chair_ws/install/turtlebot_x/share/turtlebot_x/package.bash'
[2.608s] INFO:colcon.colcon_core.shell:Creating package script '/home/josue/chair_ws/install/turtlebot_x/share/turtlebot_x/package.zsh'
[2.609s] Level 1:colcon.colcon_core.environment:create_file_with_runtime_dependencies(/home/josue/chair_ws/install/turtlebot_x/share/colcon-core/packages/turtlebot_x)
[2.612s] DEBUG:colcon.colcon_parallel_executor.executor.parallel:closing loop
[2.612s] DEBUG:colcon.colcon_parallel_executor.executor.parallel:loop closed
[2.612s] DEBUG:colcon.colcon_parallel_executor.executor.parallel:run_until_complete finished with '0'
[2.613s] DEBUG:colcon.colcon_core.event_reactor:joining thread
[2.627s] INFO:colcon.colcon_core.plugin_system:Skipping extension 'colcon_notification.desktop_notification.terminal_notifier': Not used on non-Darwin systems
[2.628s] INFO:colcon.colcon_core.plugin_system:Skipping extension 'colcon_notification.desktop_notification.win32': Not used on non-Windows systems
[2.628s] INFO:colcon.colcon_notification.desktop_notification:Sending desktop notification using 'notify2'
[2.649s] DEBUG:colcon.colcon_core.event_reactor:joined thread
[2.650s] INFO:colcon.colcon_core.shell:Creating prefix script '/home/josue/chair_ws/install/local_setup.ps1'
[2.652s] INFO:colcon.colcon_core.shell:Creating prefix util module '/home/josue/chair_ws/install/_local_setup_util_ps1.py'
[2.656s] INFO:colcon.colcon_core.shell:Creating prefix chain script '/home/josue/chair_ws/install/setup.ps1'
[2.659s] INFO:colcon.colcon_core.shell:Creating prefix script '/home/josue/chair_ws/install/local_setup.sh'
[2.661s] INFO:colcon.colcon_core.shell:Creating prefix util module '/home/josue/chair_ws/install/_local_setup_util_sh.py'
[2.662s] INFO:colcon.colcon_core.shell:Creating prefix chain script '/home/josue/chair_ws/install/setup.sh'
[2.667s] INFO:colcon.colcon_core.shell:Creating prefix script '/home/josue/chair_ws/install/local_setup.bash'
[2.668s] INFO:colcon.colcon_core.shell:Creating prefix chain script '/home/josue/chair_ws/install/setup.bash'
[2.672s] INFO:colcon.colcon_core.shell:Creating prefix script '/home/josue/chair_ws/install/local_setup.zsh'
[2.673s] INFO:colcon.colcon_core.shell:Creating prefix chain script '/home/josue/chair_ws/install/setup.zsh'
