[0.129s] DEBUG:colcon:Command line arguments: ['/usr/bin/colcon', 'build', '--symlink-install']
[0.129s] DEBUG:colcon:Parsed command line arguments: Namespace(log_base=None, log_level=None, verb_name='build', build_base='build', install_base='install', merge_install=False, symlink_install=True, test_result_base=None, continue_on_error=False, executor='parallel', parallel_workers=4, event_handlers=None, ignore_user_meta=False, metas=['./colcon.meta'], base_paths=['.'], packages_ignore=None, packages_ignore_regex=None, paths=None, packages_up_to=None, packages_up_to_regex=None, packages_above=None, packages_above_and_dependencies=None, packages_above_depth=None, packages_select_by_dep=None, packages_skip_by_dep=None, packages_skip_up_to=None, packages_select_build_failed=False, packages_skip_build_finished=False, packages_select_test_failures=False, packages_skip_test_passed=False, packages_select=None, packages_skip=None, packages_select_regex=None, packages_skip_regex=None, packages_start=None, packages_end=None, allow_overriding=[], cmake_args=None, cmake_target=None, cmake_target_skip_unavailable=False, cmake_clean_cache=False, cmake_clean_first=False, cmake_force_configure=False, ament_cmake_args=None, catkin_cmake_args=None, catkin_skip_building_tests=False, verb_parser=<colcon_defaults.argument_parser.defaults.DefaultArgumentsDecorator object at 0x773994d362c0>, verb_extension=<colcon_core.verb.build.BuildVerb object at 0x773994eb3b80>, main=<bound method BuildVerb.main of <colcon_core.verb.build.BuildVerb object at 0x773994eb3b80>>)
[0.173s] Level 1:colcon.colcon_core.package_discovery:discover_packages(colcon_meta) check parameters
[0.173s] Level 1:colcon.colcon_core.package_discovery:discover_packages(recursive) check parameters
[0.173s] Level 1:colcon.colcon_core.package_discovery:discover_packages(ignore) check parameters
[0.173s] Level 1:colcon.colcon_core.package_discovery:discover_packages(path) check parameters
[0.173s] Level 1:colcon.colcon_core.package_discovery:discover_packages(colcon_meta) discover
[0.173s] Level 1:colcon.colcon_core.package_discovery:discover_packages(recursive) discover
[0.173s] INFO:colcon.colcon_core.package_discovery:Crawling recursively for packages in '/home/josue/chair_ws'
[0.173s] Level 1:colcon.colcon_core.package_identification:_identify(.) by extensions ['ignore', 'ignore_ament_install']
[0.173s] Level 1:colcon.colcon_core.package_identification:_identify(.) by extension 'ignore'
[0.173s] Level 1:colcon.colcon_core.package_identification:_identify(.) by extension 'ignore_ament_install'
[0.173s] Level 1:colcon.colcon_core.package_identification:_identify(.) by extensions ['colcon_pkg']
[0.174s] Level 1:colcon.colcon_core.package_identification:_identify(.) by extension 'colcon_pkg'
[0.174s] Level 1:colcon.colcon_core.package_identification:_identify(.) by extensions ['colcon_meta']
[0.174s] Level 1:colcon.colcon_core.package_identification:_identify(.) by extension 'colcon_meta'
[0.174s] Level 1:colcon.colcon_core.package_identification:_identify(.) by extensions ['ros']
[0.174s] Level 1:colcon.colcon_core.package_identification:_identify(.) by extension 'ros'
[0.191s] Level 1:colcon.colcon_core.package_identification:_identify(.) by extensions ['cmake', 'python']
[0.191s] Level 1:colcon.colcon_core.package_identification:_identify(.) by extension 'cmake'
[0.191s] Level 1:colcon.colcon_core.package_identification:_identify(.) by extension 'python'
[0.191s] Level 1:colcon.colcon_core.package_identification:_identify(.) by extensions ['python_setup_py']
[0.192s] Level 1:colcon.colcon_core.package_identification:_identify(.) by extension 'python_setup_py'
[0.192s] Level 1:colcon.colcon_core.package_identification:_identify(build) by extensions ['ignore', 'ignore_ament_install']
[0.192s] Level 1:colcon.colcon_core.package_identification:_identify(build) by extension 'ignore'
[0.192s] Level 1:colcon.colcon_core.package_identification:_identify(build) ignored
[0.192s] Level 1:colcon.colcon_core.package_identification:_identify(install) by extensions ['ignore', 'ignore_ament_install']
[0.192s] Level 1:colcon.colcon_core.package_identification:_identify(install) by extension 'ignore'
[0.192s] Level 1:colcon.colcon_core.package_identification:_identify(install) ignored
[0.192s] Level 1:colcon.colcon_core.package_identification:_identify(log) by extensions ['ignore', 'ignore_ament_install']
[0.192s] Level 1:colcon.colcon_core.package_identification:_identify(log) by extension 'ignore'
[0.192s] Level 1:colcon.colcon_core.package_identification:_identify(log) ignored
[0.192s] Level 1:colcon.colcon_core.package_identification:_identify(src) by extensions ['ignore', 'ignore_ament_install']
[0.193s] Level 1:colcon.colcon_core.package_identification:_identify(src) by extension 'ignore'
[0.193s] Level 1:colcon.colcon_core.package_identification:_identify(src) by extension 'ignore_ament_install'
[0.193s] Level 1:colcon.colcon_core.package_identification:_identify(src) by extensions ['colcon_pkg']
[0.193s] Level 1:colcon.colcon_core.package_identification:_identify(src) by extension 'colcon_pkg'
[0.193s] Level 1:colcon.colcon_core.package_identification:_identify(src) by extensions ['colcon_meta']
[0.193s] Level 1:colcon.colcon_core.package_identification:_identify(src) by extension 'colcon_meta'
[0.193s] Level 1:colcon.colcon_core.package_identification:_identify(src) by extensions ['ros']
[0.193s] Level 1:colcon.colcon_core.package_identification:_identify(src) by extension 'ros'
[0.193s] Level 1:colcon.colcon_core.package_identification:_identify(src) by extensions ['cmake', 'python']
[0.193s] Level 1:colcon.colcon_core.package_identification:_identify(src) by extension 'cmake'
[0.193s] Level 1:colcon.colcon_core.package_identification:_identify(src) by extension 'python'
[0.193s] Level 1:colcon.colcon_core.package_identification:_identify(src) by extensions ['python_setup_py']
[0.193s] Level 1:colcon.colcon_core.package_identification:_identify(src) by extension 'python_setup_py'
[0.193s] Level 1:colcon.colcon_core.package_identification:_identify(src/turtlebot_x) by extensions ['ignore', 'ignore_ament_install']
[0.193s] Level 1:colcon.colcon_core.package_identification:_identify(src/turtlebot_x) by extension 'ignore'
[0.193s] Level 1:colcon.colcon_core.package_identification:_identify(src/turtlebot_x) by extension 'ignore_ament_install'
[0.193s] Level 1:colcon.colcon_core.package_identification:_identify(src/turtlebot_x) by extensions ['colcon_pkg']
[0.194s] Level 1:colcon.colcon_core.package_identification:_identify(src/turtlebot_x) by extension 'colcon_pkg'
[0.194s] Level 1:colcon.colcon_core.package_identification:_identify(src/turtlebot_x) by extensions ['colcon_meta']
[0.194s] Level 1:colcon.colcon_core.package_identification:_identify(src/turtlebot_x) by extension 'colcon_meta'
[0.194s] Level 1:colcon.colcon_core.package_identification:_identify(src/turtlebot_x) by extensions ['ros']
[0.194s] Level 1:colcon.colcon_core.package_identification:_identify(src/turtlebot_x) by extension 'ros'
[0.198s] DEBUG:colcon.colcon_core.package_identification:Package 'src/turtlebot_x' with type 'ros.ament_python' and name 'turtlebot_x'
[0.198s] Level 1:colcon.colcon_core.package_discovery:discover_packages(recursive) using defaults
[0.198s] Level 1:colcon.colcon_core.package_discovery:discover_packages(ignore) discover
[0.198s] Level 1:colcon.colcon_core.package_discovery:discover_packages(ignore) using defaults
[0.198s] Level 1:colcon.colcon_core.package_discovery:discover_packages(path) discover
[0.198s] Level 1:colcon.colcon_core.package_discovery:discover_packages(path) using defaults
[0.221s] Level 1:colcon.colcon_core.package_discovery:discover_packages(prefix_path) check parameters
[0.221s] Level 1:colcon.colcon_core.package_discovery:discover_packages(prefix_path) discover
[0.224s] DEBUG:colcon.colcon_installed_package_information.package_discovery:Found 3 installed packages in /home/josue/colcon_ws/install
[0.224s] DEBUG:colcon.colcon_installed_package_information.package_discovery:Found 1 installed packages in /home/josue/chair_ros2_ws/install
[0.225s] DEBUG:colcon.colcon_installed_package_information.package_discovery:Found 1 installed packages in /home/josue/second_ros2_ws/install
[0.225s] DEBUG:colcon.colcon_installed_package_information.package_discovery:Found 6 installed packages in /home/josue/ws/install
[0.226s] DEBUG:colcon.colcon_installed_package_information.package_discovery:Found 1 installed packages in /home/josue/ros2_ws/install
[0.226s] DEBUG:colcon.colcon_installed_package_information.package_discovery:Found 1 installed packages in /home/josue/catkin_ws/install
[0.226s] DEBUG:colcon.colcon_installed_package_information.package_discovery:Found 1 installed packages in /home/josue/chair_ws/install
[0.228s] DEBUG:colcon.colcon_installed_package_information.package_discovery:Found 298 installed packages in /opt/ros/iron
[0.231s] Level 1:colcon.colcon_core.package_discovery:discover_packages(prefix_path) using defaults
[0.285s] Level 5:colcon.colcon_core.verb:set package 'turtlebot_x' build argument 'cmake_args' from command line to 'None'
[0.285s] Level 5:colcon.colcon_core.verb:set package 'turtlebot_x' build argument 'cmake_target' from command line to 'None'
[0.286s] Level 5:colcon.colcon_core.verb:set package 'turtlebot_x' build argument 'cmake_target_skip_unavailable' from command line to 'False'
[0.286s] Level 5:colcon.colcon_core.verb:set package 'turtlebot_x' build argument 'cmake_clean_cache' from command line to 'False'
[0.286s] Level 5:colcon.colcon_core.verb:set package 'turtlebot_x' build argument 'cmake_clean_first' from command line to 'False'
[0.286s] Level 5:colcon.colcon_core.verb:set package 'turtlebot_x' build argument 'cmake_force_configure' from command line to 'False'
[0.286s] Level 5:colcon.colcon_core.verb:set package 'turtlebot_x' build argument 'ament_cmake_args' from command line to 'None'
[0.286s] Level 5:colcon.colcon_core.verb:set package 'turtlebot_x' build argument 'catkin_cmake_args' from command line to 'None'
[0.286s] Level 5:colcon.colcon_core.verb:set package 'turtlebot_x' build argument 'catkin_skip_building_tests' from command line to 'False'
[0.286s] DEBUG:colcon.colcon_core.verb:Building package 'turtlebot_x' with the following arguments: {'ament_cmake_args': None, 'build_base': '/home/josue/chair_ws/build/turtlebot_x', 'catkin_cmake_args': None, 'catkin_skip_building_tests': False, 'cmake_args': None, 'cmake_clean_cache': False, 'cmake_clean_first': False, 'cmake_force_configure': False, 'cmake_target': None, 'cmake_target_skip_unavailable': False, 'install_base': '/home/josue/chair_ws/install/turtlebot_x', 'merge_install': False, 'path': '/home/josue/chair_ws/src/turtlebot_x', 'symlink_install': True, 'test_result_base': None}
[0.286s] INFO:colcon.colcon_core.executor:Executing jobs using 'parallel' executor
[0.287s] DEBUG:colcon.colcon_parallel_executor.executor.parallel:run_until_complete
[0.287s] INFO:colcon.colcon_ros.task.ament_python.build:Building ROS package in '/home/josue/chair_ws/src/turtlebot_x' with build type 'ament_python'
[0.288s] Level 1:colcon.colcon_core.shell:create_environment_hook('turtlebot_x', 'ament_prefix_path')
[0.290s] INFO:colcon.colcon_core.plugin_system:Skipping extension 'colcon_core.shell.bat': Not used on non-Windows systems
[0.290s] INFO:colcon.colcon_core.shell:Creating environment hook '/home/josue/chair_ws/install/turtlebot_x/share/turtlebot_x/hook/ament_prefix_path.ps1'
[0.291s] INFO:colcon.colcon_core.shell:Creating environment descriptor '/home/josue/chair_ws/install/turtlebot_x/share/turtlebot_x/hook/ament_prefix_path.dsv'
[0.292s] INFO:colcon.colcon_core.shell:Creating environment hook '/home/josue/chair_ws/install/turtlebot_x/share/turtlebot_x/hook/ament_prefix_path.sh'
[0.292s] INFO:colcon.colcon_core.shell:Skip shell extension 'powershell' for command environment: Not usable outside of PowerShell
[0.292s] DEBUG:colcon.colcon_core.shell:Skip shell extension 'dsv' for command environment
[0.547s] INFO:colcon.colcon_core.task.python.build:Building Python package in '/home/josue/chair_ws/src/turtlebot_x'
[0.547s] INFO:colcon.colcon_core.shell:Skip shell extension 'powershell' for command environment: Not usable outside of PowerShell
[0.547s] DEBUG:colcon.colcon_core.shell:Skip shell extension 'dsv' for command environment
[1.197s] DEBUG:colcon.colcon_core.task.python.build:While undoing a previous installation files outside the Python library path are being ignored: /home/josue/chair_ws/install/turtlebot_x/share/ament_index/resource_index/packages/turtlebot_x
[1.197s] DEBUG:colcon.colcon_core.task.python.build:While undoing a previous installation files outside the Python library path are being ignored: /home/josue/chair_ws/install/turtlebot_x/share/turtlebot_x/package.xml
[1.197s] DEBUG:colcon.colcon_core.task.python.build:While undoing a previous installation files outside the Python library path are being ignored: /home/josue/chair_ws/install/turtlebot_x/share/turtlebot_x/launch/gazebo.launch.py
[1.197s] DEBUG:colcon.colcon_core.task.python.build:While undoing a previous installation files outside the Python library path are being ignored: /home/josue/chair_ws/install/turtlebot_x/share/turtlebot_x/launch/demo.launch.py
[1.197s] DEBUG:colcon.colcon_core.task.python.build:While undoing a previous installation files outside the Python library path are being ignored: /home/josue/chair_ws/install/turtlebot_x/share/turtlebot_x/chairbot.urdf
[1.197s] DEBUG:colcon.colcon_core.task.python.build:While undoing a previous installation files outside the Python library path are being ignored: /home/josue/chair_ws/install/turtlebot_x/share/turtlebot_x/chairbot.sdf
[1.197s] DEBUG:colcon.colcon_core.task.python.build:While undoing a previous installation files outside the Python library path are being ignored: /home/josue/chair_ws/install/turtlebot_x/share/turtlebot_x
[1.197s] DEBUG:colcon.colcon_core.task.python.build:While undoing a previous installation files outside the Python library path are being ignored: /home/josue/chair_ws/install/turtlebot_x/lib/turtlebot_x/driving_node
[1.197s] DEBUG:colcon.colcon_core.task.python.build:While undoing a previous installation files outside the Python library path are being ignored: /home/josue/chair_ws/install/turtlebot_x/lib/turtlebot_x/video_subscriber
[1.202s] DEBUG:colcon.colcon_core.event_handler.log_command:Invoking command in '/home/josue/chair_ws/build/turtlebot_x': PYTHONPATH=/home/josue/chair_ws/build/turtlebot_x/prefix_override:/home/josue/chair_ws/install/turtlebot_x/lib/python3.10/site-packages:${PYTHONPATH} /usr/bin/python3 -W ignore:setup.py install is deprecated setup.py develop --editable --build-directory /home/josue/chair_ws/build/turtlebot_x/build --no-deps symlink_data --force
[1.964s] Level 1:colcon.colcon_core.shell:create_environment_hook('turtlebot_x', 'pythonpath_develop')
[1.964s] INFO:colcon.colcon_core.shell:Creating environment hook '/home/josue/chair_ws/build/turtlebot_x/share/turtlebot_x/hook/pythonpath_develop.ps1'
[1.965s] DEBUG:colcon.colcon_core.event_handler.log_command:Invoked command in '/home/josue/chair_ws/build/turtlebot_x' returned '0': PYTHONPATH=/home/josue/chair_ws/build/turtlebot_x/prefix_override:/home/josue/chair_ws/install/turtlebot_x/lib/python3.10/site-packages:${PYTHONPATH} /usr/bin/python3 -W ignore:setup.py install is deprecated setup.py develop --editable --build-directory /home/josue/chair_ws/build/turtlebot_x/build --no-deps symlink_data --force
[1.965s] INFO:colcon.colcon_core.shell:Creating environment descriptor '/home/josue/chair_ws/build/turtlebot_x/share/turtlebot_x/hook/pythonpath_develop.dsv'
[1.966s] INFO:colcon.colcon_core.shell:Creating environment hook '/home/josue/chair_ws/build/turtlebot_x/share/turtlebot_x/hook/pythonpath_develop.sh'
[1.969s] Level 1:colcon.colcon_core.environment:checking '/home/josue/chair_ws/install/turtlebot_x' for CMake module files
[1.969s] Level 1:colcon.colcon_core.environment:checking '/home/josue/chair_ws/install/turtlebot_x' for CMake config files
[1.970s] Level 1:colcon.colcon_core.environment:checking '/home/josue/chair_ws/install/turtlebot_x/lib'
[1.970s] Level 1:colcon.colcon_core.environment:checking '/home/josue/chair_ws/install/turtlebot_x/bin'
[1.970s] Level 1:colcon.colcon_core.environment:checking '/home/josue/chair_ws/install/turtlebot_x/lib/pkgconfig/turtlebot_x.pc'
[1.970s] Level 1:colcon.colcon_core.environment:checking '/home/josue/chair_ws/install/turtlebot_x/lib/python3.10/site-packages'
[1.970s] Level 1:colcon.colcon_core.shell:create_environment_hook('turtlebot_x', 'pythonpath')
[1.971s] INFO:colcon.colcon_core.shell:Creating environment hook '/home/josue/chair_ws/install/turtlebot_x/share/turtlebot_x/hook/pythonpath.ps1'
[1.971s] INFO:colcon.colcon_core.shell:Creating environment descriptor '/home/josue/chair_ws/install/turtlebot_x/share/turtlebot_x/hook/pythonpath.dsv'
[1.971s] INFO:colcon.colcon_core.shell:Creating environment hook '/home/josue/chair_ws/install/turtlebot_x/share/turtlebot_x/hook/pythonpath.sh'
[1.972s] Level 1:colcon.colcon_core.environment:checking '/home/josue/chair_ws/install/turtlebot_x/bin'
[1.972s] Level 1:colcon.colcon_core.environment:create_environment_scripts_only(turtlebot_x)
[1.972s] INFO:colcon.colcon_core.shell:Creating package script '/home/josue/chair_ws/install/turtlebot_x/share/turtlebot_x/package.ps1'
[1.973s] INFO:colcon.colcon_core.shell:Creating package descriptor '/home/josue/chair_ws/install/turtlebot_x/share/turtlebot_x/package.dsv'
[1.974s] INFO:colcon.colcon_core.shell:Creating package script '/home/josue/chair_ws/install/turtlebot_x/share/turtlebot_x/package.sh'
[1.975s] INFO:colcon.colcon_core.shell:Creating package script '/home/josue/chair_ws/install/turtlebot_x/share/turtlebot_x/package.bash'
[1.975s] INFO:colcon.colcon_core.shell:Creating package script '/home/josue/chair_ws/install/turtlebot_x/share/turtlebot_x/package.zsh'
[1.976s] Level 1:colcon.colcon_core.environment:create_file_with_runtime_dependencies(/home/josue/chair_ws/install/turtlebot_x/share/colcon-core/packages/turtlebot_x)
[1.977s] DEBUG:colcon.colcon_parallel_executor.executor.parallel:closing loop
[1.977s] DEBUG:colcon.colcon_parallel_executor.executor.parallel:loop closed
[1.977s] DEBUG:colcon.colcon_parallel_executor.executor.parallel:run_until_complete finished with '0'
[1.977s] DEBUG:colcon.colcon_core.event_reactor:joining thread
[1.983s] INFO:colcon.colcon_core.plugin_system:Skipping extension 'colcon_notification.desktop_notification.terminal_notifier': Not used on non-Darwin systems
[1.983s] INFO:colcon.colcon_core.plugin_system:Skipping extension 'colcon_notification.desktop_notification.win32': Not used on non-Windows systems
[1.983s] INFO:colcon.colcon_notification.desktop_notification:Sending desktop notification using 'notify2'
[1.997s] DEBUG:colcon.colcon_core.event_reactor:joined thread
[1.998s] INFO:colcon.colcon_core.shell:Creating prefix script '/home/josue/chair_ws/install/local_setup.ps1'
[1.999s] INFO:colcon.colcon_core.shell:Creating prefix util module '/home/josue/chair_ws/install/_local_setup_util_ps1.py'
[2.001s] INFO:colcon.colcon_core.shell:Creating prefix chain script '/home/josue/chair_ws/install/setup.ps1'
[2.003s] INFO:colcon.colcon_core.shell:Creating prefix script '/home/josue/chair_ws/install/local_setup.sh'
[2.003s] INFO:colcon.colcon_core.shell:Creating prefix util module '/home/josue/chair_ws/install/_local_setup_util_sh.py'
[2.004s] INFO:colcon.colcon_core.shell:Creating prefix chain script '/home/josue/chair_ws/install/setup.sh'
[2.006s] INFO:colcon.colcon_core.shell:Creating prefix script '/home/josue/chair_ws/install/local_setup.bash'
[2.006s] INFO:colcon.colcon_core.shell:Creating prefix chain script '/home/josue/chair_ws/install/setup.bash'
[2.008s] INFO:colcon.colcon_core.shell:Creating prefix script '/home/josue/chair_ws/install/local_setup.zsh'
[2.009s] INFO:colcon.colcon_core.shell:Creating prefix chain script '/home/josue/chair_ws/install/setup.zsh'
